h:\github\miyagi\game-final\vs-2017\x64\debug\vc141.pdb
h:\github\miyagi\game-final\vs-2017\x64\debug\vc141.idb
h:\github\miyagi\game-final\vs-2017\x64\debug\up_arrow.obj
h:\github\miyagi\game-final\vs-2017\x64\debug\points.obj
h:\github\miyagi\game-final\vs-2017\x64\debug\player.obj
h:\github\miyagi\game-final\vs-2017\x64\debug\gamestart.obj
h:\github\miyagi\game-final\vs-2017\x64\debug\gameover.obj
h:\github\miyagi\game-final\vs-2017\x64\debug\game.obj
h:\github\miyagi\game-final\vs-2017\x64\debug\down_arrow.obj
c:\users\name\documents\github\miyagi\game-final\vs-2017\x64\debug\vc141.pdb
c:\users\name\documents\github\miyagi\game-final\vs-2017\x64\debug\vc141.idb
c:\users\name\documents\github\miyagi\game-final\vs-2017\x64\debug\points.obj
c:\users\name\documents\github\miyagi\game-final\vs-2017\x64\debug\gamestart.obj
c:\users\name\documents\github\miyagi\game-final\vs-2017\x64\debug\gameover.obj
c:\users\name\documents\github\miyagi\game-final\vs-2017\x64\debug\game.obj
c:\users\name\documents\github\miyagi\game-final\vs-2017\x64\debug\down_arrow.obj
c:\users\name\documents\github\miyagi\game-final\vs-2017\x64\debug\up_arrow.obj
c:\users\name\documents\github\miyagi\game-final\vs-2017\x64\debug\player.obj
h:\github\miyagi\game-final\vs-2017\x64\debug\miyagi.exe
h:\github\miyagi\game-final\vs-2017\x64\debug\miyagi.ilk
h:\github\miyagi\game-final\vs-2017\x64\debug\miyagi.pdb
c:\users\name\documents\github\miyagi\game-final\vs-2017\x64\debug\miyagi.ilk
c:\users\name\documents\github\miyagi\game-final\vs-2017\x64\debug\miyagi.exe
c:\users\name\documents\github\miyagi\game-final\vs-2017\x64\debug\miyagi.pdb
c:\users\name\documents\github\miyagi\game-final\vs-2017\x64\debug\miyagi.tlog\cl.command.1.tlog
c:\users\name\documents\github\miyagi\game-final\vs-2017\x64\debug\miyagi.tlog\cl.read.1.tlog
c:\users\name\documents\github\miyagi\game-final\vs-2017\x64\debug\miyagi.tlog\cl.write.1.tlog
c:\users\name\documents\github\miyagi\game-final\vs-2017\x64\debug\miyagi.tlog\link.command.1.tlog
c:\users\name\documents\github\miyagi\game-final\vs-2017\x64\debug\miyagi.tlog\link.read.1.tlog
c:\users\name\documents\github\miyagi\game-final\vs-2017\x64\debug\miyagi.tlog\link.write.1.tlog
