<<<<<<< HEAD
﻿  up_indicator.cpp
h:\github\miyagi\game-final\up_indicator.cpp(51): warning C4244: 'argument': conversion from 'float' to 'int', possible loss of data
  saucer-shoot.vcxproj -> H:\GitHub\miyagi\game-final\vs-2017\x64\Debug\miyagi.exe
=======
﻿  down_arrow.cpp
  game.cpp
  GameOver.cpp
  GameStart.cpp
  player.cpp
c:\users\name\documents\github\miyagi\game-final\player.cpp(97): warning C4244: 'initializing': conversion from 'float' to 'int', possible loss of data
c:\users\name\documents\github\miyagi\game-final\player.cpp(119): warning C4244: 'initializing': conversion from 'float' to 'int', possible loss of data
c:\users\name\documents\github\miyagi\game-final\player.cpp(141): warning C4244: 'initializing': conversion from 'float' to 'int', possible loss of data
c:\users\name\documents\github\miyagi\game-final\player.cpp(163): warning C4244: 'initializing': conversion from 'float' to 'int', possible loss of data
  Points.cpp
  up_arrow.cpp
  left_arrow.cpp
c:\users\name\documents\github\miyagi\game-final\vs-2017\left_arrow.cpp(15): fatal error C1083: Cannot open include file: 'Points.h': No such file or directory
  right_arrow.cpp
c:\users\name\documents\github\miyagi\game-final\vs-2017\right_arrow.cpp(13): fatal error C1083: Cannot open include file: 'Points.h': No such file or directory
  Generating Code...
>>>>>>> a585fb1cef45eea4e7fbff9feb0df5b95fd9c1ba
