c:\users\name\documents\github\miyagi\game-final\vs-2017\x64\debug\vc141.pdb
c:\users\name\documents\github\miyagi\game-final\vs-2017\x64\debug\vc141.idb
c:\users\name\documents\github\miyagi\game-final\vs-2017\x64\debug\star.obj
c:\users\name\documents\github\miyagi\game-final\vs-2017\x64\debug\saucer.obj
c:\users\name\documents\github\miyagi\game-final\vs-2017\x64\debug\reticle.obj
c:\users\name\documents\github\miyagi\game-final\vs-2017\x64\debug\points.obj
c:\users\name\documents\github\miyagi\game-final\vs-2017\x64\debug\hero.obj
c:\users\name\documents\github\miyagi\game-final\vs-2017\x64\debug\gamestart.obj
c:\users\name\documents\github\miyagi\game-final\vs-2017\x64\debug\gameover.obj
c:\users\name\documents\github\miyagi\game-final\vs-2017\x64\debug\game.obj
c:\users\name\documents\github\miyagi\game-final\vs-2017\x64\debug\explosion.obj
c:\users\name\documents\github\miyagi\game-final\vs-2017\x64\debug\eventnuke.obj
c:\users\name\documents\github\miyagi\game-final\vs-2017\x64\debug\bullet.obj
c:\users\name\documents\github\miyagi\game-final\vs-2017\x64\debug\up_arrow.obj
c:\users\name\documents\github\miyagi\game-final\vs-2017\x64\debug\player.obj
c:\users\name\documents\github\miyagi\game-final\vs-2017\x64\debug\saucer-shoot.exe
c:\users\name\documents\github\miyagi\game-final\vs-2017\x64\debug\saucer-shoot.ilk
c:\users\name\documents\github\miyagi\game-final\vs-2017\x64\debug\saucer-shoot.pdb
c:\users\name\documents\github\miyagi\game-final\vs-2017\x64\debug\player.obj.enc
c:\users\name\documents\github\miyagi\game-final\vs-2017\x64\debug\saucer-shoot.tlog\cl.command.1.tlog
c:\users\name\documents\github\miyagi\game-final\vs-2017\x64\debug\saucer-shoot.tlog\cl.read.1.tlog
c:\users\name\documents\github\miyagi\game-final\vs-2017\x64\debug\saucer-shoot.tlog\cl.write.1.tlog
c:\users\name\documents\github\miyagi\game-final\vs-2017\x64\debug\saucer-shoot.tlog\link.command.1.tlog
c:\users\name\documents\github\miyagi\game-final\vs-2017\x64\debug\saucer-shoot.tlog\link.read.1.tlog
c:\users\name\documents\github\miyagi\game-final\vs-2017\x64\debug\saucer-shoot.tlog\link.write.1.tlog
