c:\users\name\documents\github\miyagi\game-final\miyagi_2\x64\debug\vc141.pdb
c:\users\name\documents\github\miyagi\game-final\miyagi_2\x64\debug\vc141.idb
c:\users\name\documents\github\miyagi\game-final\miyagi_2\x64\debug\up_indicator.obj
c:\users\name\documents\github\miyagi\game-final\miyagi_2\x64\debug\up_arrow.obj
c:\users\name\documents\github\miyagi\game-final\miyagi_2\x64\debug\right_arrow.obj
c:\users\name\documents\github\miyagi\game-final\miyagi_2\x64\debug\points.obj
c:\users\name\documents\github\miyagi\game-final\miyagi_2\x64\debug\player.obj
c:\users\name\documents\github\miyagi\game-final\miyagi_2\x64\debug\left_arrow.obj
c:\users\name\documents\github\miyagi\game-final\miyagi_2\x64\debug\gamestart.obj
c:\users\name\documents\github\miyagi\game-final\miyagi_2\x64\debug\gameover.obj
c:\users\name\documents\github\miyagi\game-final\miyagi_2\x64\debug\game.obj
c:\users\name\documents\github\miyagi\game-final\miyagi_2\x64\debug\down_arrow.obj
c:\users\name\documents\github\miyagi\game-final\vs-2017\x64\debug\miyagi_2.pdb
c:\users\name\documents\github\miyagi\game-final\miyagi_2\x64\debug\miyagi_2.tlog\cl.command.1.tlog
c:\users\name\documents\github\miyagi\game-final\miyagi_2\x64\debug\miyagi_2.tlog\cl.read.1.tlog
c:\users\name\documents\github\miyagi\game-final\miyagi_2\x64\debug\miyagi_2.tlog\cl.write.1.tlog
c:\users\name\documents\github\miyagi\game-final\miyagi_2\x64\debug\miyagi_2.tlog\link-cvtres.read.1.tlog
c:\users\name\documents\github\miyagi\game-final\miyagi_2\x64\debug\miyagi_2.tlog\link-cvtres.write.1.tlog
c:\users\name\documents\github\miyagi\game-final\miyagi_2\x64\debug\miyagi_2.tlog\link-rc.read.1.tlog
c:\users\name\documents\github\miyagi\game-final\miyagi_2\x64\debug\miyagi_2.tlog\link-rc.write.1.tlog
c:\users\name\documents\github\miyagi\game-final\miyagi_2\x64\debug\miyagi_2.tlog\link.command.1.tlog
c:\users\name\documents\github\miyagi\game-final\miyagi_2\x64\debug\miyagi_2.tlog\link.read.1.tlog
c:\users\name\documents\github\miyagi\game-final\miyagi_2\x64\debug\miyagi_2.tlog\link.write.1.tlog
