18:51:42    0 ****************************************************
18:51:42    0 ** Dragonfly version 4.4 **
18:51:43    0 GameManager::run(): Can't keep up! frame_time 33 ms, split 98 ms
18:51:45   57 ResourceManager::loadSprite(): Loading sprite 'sprites/up_arrow_spr.txt'
18:51:45   57 ResourceManager::loadSprite(): Loading sprite 'sprites/down_arrow_spr.txt'
18:51:45   57 ResourceManager::loadSprite(): Loading sprite 'sprites/left_arrow_spr.txt'
18:51:45   57 ResourceManager::loadSprite(): Loading sprite 'sprites/right_arrow_spr.txt'
18:51:45   57 ResourceManager::loadSprite(): Loading sprite 'sprites/gamestart-spr.txt'
18:51:45   57 ResourceManager::loadSprite(): Loading sprite 'sprites/gameover-spr.txt'
18:51:45   57 ResourceManager::loadSprite(): Loading sprite 'sprites/player_spr.txt'
18:51:45   57 Pause::Pause(): Pause enabled.  Press any other key to resume.
18:51:45    8 Adding to moving arrows list
18:51:45    8 00000208FAC98330
18:51:45    8 Adding to moving arrows list
18:51:45    8 00000208FAC98330
18:51:45    9 Adding to moving arrows list
18:51:45    9 00000208FAC98330
18:51:45   10 Adding to moving arrows list
18:51:45   10 00000208FAC98330
18:51:45   11 Adding to moving arrows list
18:51:45   11 00000208FAC98330
18:51:45   12 Adding to moving arrows list
18:51:45   12 00000208FAC98330
18:51:46   20 Adding to moving arrows list
18:51:46   20 00000208FAC98330
18:51:46   20 Adding to moving arrows list
18:51:46   20 00000208FAC98330
18:51:46   20 UP PRESSED
18:51:46   20 00000208FAC98330
18:51:46   20 Checking Collision
18:51:46   21 Adding to moving arrows list
18:51:46   21 00000208FAC98330
18:51:46   21 UP PRESSED
18:51:46   21 00000208FAC98330
18:51:46   21 Checking Collision
18:51:46   22 Adding to moving arrows list
18:51:46   22 00000208FAC98330
18:51:46   22 UP PRESSED
18:51:46   22 00000208FAC98330
18:51:46   22 Checking Collision
18:51:46   23 Adding to moving arrows list
18:51:46   23 00000208FAC98330
18:51:46   23 UP PRESSED
18:51:46   23 00000208FAC98330
18:51:46   23 Checking Collision
18:51:46   24 Adding to moving arrows list
18:51:46   24 00000208FAC98330
18:51:46   24 UP PRESSED
18:51:46   24 00000208FAC98330
18:51:46   24 Checking Collision
18:51:46   25 Adding to moving arrows list
18:51:46   25 00000208FAC98330
18:51:46   25 Adding to moving arrows list
18:51:46   25 00000208FAC98330
18:51:46   25 RIGHT PRESSED
18:51:46   25 Adding to moving arrows list
18:51:46   25 00000208FAC98330
18:51:46   25 UP PRESSED
18:51:46   25 00000208FAC98330
18:51:46   25 Checking Collision
18:51:46   26 Adding to moving arrows list
18:51:46   26 00000208FAC98330
18:51:46   26 Adding to moving arrows list
18:51:46   26 00000208FAC98330
18:51:46   26 LEFT PRESSED
18:51:46   26 Adding to moving arrows list
18:51:46   26 00000208FAC98330
18:51:46   26 RIGHT PRESSED
18:51:46   26 Adding to moving arrows list
18:51:46   26 00000208FAC98330
18:51:46   26 UP PRESSED
18:51:46   26 00000208FAC98330
18:51:46   26 Checking Collision
18:51:46   27 Adding to moving arrows list
18:51:46   27 00000208FAC98330
18:51:46   27 Adding to moving arrows list
18:51:46   27 00000208FAC98330
18:51:46   27 LEFT PRESSED
18:51:46   27 Adding to moving arrows list
18:51:46   27 00000208FAC98330
18:51:46   27 RIGHT PRESSED
18:51:46   28 Adding to moving arrows list
18:51:46   28 00000208FAC98330
18:51:46   28 LEFT PRESSED
18:51:46   28 Adding to moving arrows list
18:51:46   28 00000208FAC98330
18:51:46   28 RIGHT PRESSED
18:51:46   29 Adding to moving arrows list
18:51:46   29 00000208FAC98330
18:51:46   29 LEFT PRESSED
18:51:46   29 Adding to moving arrows list
18:51:46   29 00000208FAC98330
18:51:46   29 RIGHT PRESSED
18:51:46   30 Adding to moving arrows list
18:51:46   30 00000208FAC98330
18:51:46   30 Adding to moving arrows list
18:51:46   30 00000208FAC98330
18:51:46   30 RIGHT PRESSED
18:51:46   31 Adding to moving arrows list
18:51:46   31 00000208FAC98330
18:51:46   31 RIGHT PRESSED
18:51:46   32 Adding to moving arrows list
18:51:46   32 00000208FAC98330
18:51:46   32 Adding to moving arrows list
18:51:46   32 00000208FAC98330
18:51:46   32 Adding to moving arrows list
18:51:46   32 00000208FAC98330
18:51:46   32 Adding to moving arrows list
18:51:46   32 00000208FAC98330
18:51:46   32 Adding to moving arrows list
18:51:46   32 00000208FAC98330
18:51:46   32 UP PRESSED
18:51:46   32 00000208FAC98330
18:51:46   32 Checking Collision
18:51:46   33 Adding to moving arrows list
18:51:46   33 00000208FAC98330
18:51:46   33 Adding to moving arrows list
18:51:46   33 00000208FAC98330
18:51:46   33 UP PRESSED
18:51:46   33 00000208FAC98330
18:51:46   33 Checking Collision
18:51:46   34 Adding to moving arrows list
18:51:46   34 00000208FAC98330
18:51:46   34 Adding to moving arrows list
18:51:46   34 00000208FAC98330
18:51:46   34 UP PRESSED
18:51:46   34 00000208FAC98330
18:51:46   34 Checking Collision
18:51:46   35 Adding to moving arrows list
18:51:46   35 00000208FAC98330
18:51:46   35 Adding to moving arrows list
18:51:46   35 00000208FAC98330
18:51:46   35 UP PRESSED
18:51:46   35 00000208FAC98330
18:51:46   35 Checking Collision
18:51:46   36 Adding to moving arrows list
18:51:46   36 00000208FAC98330
18:51:46   36 Adding to moving arrows list
18:51:46   36 00000208FAC98330
18:51:46   36 Adding to moving arrows list
18:51:46   36 00000208FAC98330
18:51:46   36 UP PRESSED
18:51:46   36 00000208FAC98330
18:51:46   36 Checking Collision
18:51:46   37 Adding to moving arrows list
18:51:46   37 00000208FAC98330
18:51:46   37 Adding to moving arrows list
18:51:46   37 00000208FAC98330
18:51:46   37 UP PRESSED
18:51:46   37 00000208FAC98330
18:51:46   37 Checking Collision
18:51:46   38 Adding to moving arrows list
18:51:46   38 00000208FAC98330
18:51:46   38 Adding to moving arrows list
18:51:46   38 00000208FAC98330
18:51:46   38 Adding to moving arrows list
18:51:46   38 00000208FAC98330
18:51:46   38 Adding to moving arrows list
18:51:46   38 00000208FAC98330
18:51:46   38 LEFT PRESSED
18:51:46   39 Adding to moving arrows list
18:51:46   39 00000208FAC98330
18:51:46   39 Adding to moving arrows list
18:51:46   39 00000208FAC98330
18:51:46   39 LEFT PRESSED
18:51:46   40 Adding to moving arrows list
18:51:46   40 00000208FAC98330
18:51:46   40 Adding to moving arrows list
18:51:46   40 00000208FAC98330
18:51:46   40 Adding to moving arrows list
18:51:46   40 00000208FAC98330
18:51:46   40 Adding to moving arrows list
18:51:46   40 00000208FAC98330
18:51:46   40 LEFT PRESSED
18:51:46   41 Adding to moving arrows list
18:51:46   41 00000208FAC98330
18:51:46   41 Adding to moving arrows list
18:51:46   41 00000208FAC98330
18:51:46   41 Adding to moving arrows list
18:51:46   41 00000208FAC98330
18:51:46   41 LEFT PRESSED
18:51:46   41 Adding to moving arrows list
18:51:46   41 00000208FAC98330
18:51:46   41 RIGHT PRESSED
18:51:46   42 Adding to moving arrows list
18:51:46   42 00000208FAC98330
18:51:46   42 Adding to moving arrows list
18:51:46   42 00000208FAC98330
18:51:46   42 Adding to moving arrows list
18:51:46   42 00000208FAC98330
18:51:46   42 RIGHT PRESSED
18:51:46   43 Adding to moving arrows list
18:51:46   43 00000208FAC98330
18:51:46   43 Adding to moving arrows list
18:51:46   43 00000208FAC98330
18:51:46   43 RIGHT PRESSED
18:51:47   44 Adding to moving arrows list
18:51:47   44 00000208FAC98330
18:51:47   44 Adding to moving arrows list
18:51:47   44 00000208FAC98330
18:51:47   44 Adding to moving arrows list
18:51:47   44 00000208FAC98330
18:51:47   44 RIGHT PRESSED
18:51:47   45 Adding to moving arrows list
18:51:47   45 00000208FAC98330
18:51:47   45 Adding to moving arrows list
18:51:47   45 00000208FAC98330
18:51:47   45 RIGHT PRESSED
18:51:47   46 Adding to moving arrows list
18:51:47   46 00000208FAC98330
18:51:47   46 Adding to moving arrows list
18:51:47   46 00000208FAC98330
18:51:47   46 RIGHT PRESSED
18:51:47   47 Adding to moving arrows list
18:51:47   47 00000208FAC98330
18:51:47   47 Adding to moving arrows list
18:51:47   47 00000208FAC98330
18:51:47   47 RIGHT PRESSED
18:51:47   48 Adding to moving arrows list
18:51:47   48 00000208FAC98330
18:51:47   48 Adding to moving arrows list
18:51:47   48 00000208FAC98330
18:51:47   48 Adding to moving arrows list
18:51:47   48 00000208FAC98330
18:51:47   48 Adding to moving arrows list
18:51:47   48 00000208FAC98330
18:51:47   48 RIGHT PRESSED
18:51:47   49 Adding to moving arrows list
18:51:47   49 00000208FAC98330
18:51:47   49 Adding to moving arrows list
18:51:47   49 00000208FAC98330
18:51:47   49 RIGHT PRESSED
18:51:47   50 Adding to moving arrows list
18:51:47   50 00000208FAC98330
18:51:47   50 Adding to moving arrows list
18:51:47   50 00000208FAC98330
18:51:47   50 RIGHT PRESSED
18:51:47   51 Adding to moving arrows list
18:51:47   51 00000208FAC98330
18:51:47   51 Adding to moving arrows list
18:51:47   51 00000208FAC98330
18:51:47   51 Adding to moving arrows list
18:51:47   51 00000208FAC98330
18:51:47   51 RIGHT PRESSED
18:51:47   51 Adding to moving arrows list
18:51:47   51 00000208FAC98330
18:51:47   51 UP PRESSED
18:51:47   51 00000208FAC98330
18:51:47   51 Checking Collision
18:51:47   52 Adding to moving arrows list
18:51:47   52 00000208FAC98330
18:51:47   52 Adding to moving arrows list
18:51:47   52 00000208FAC98330
18:51:47   52 Adding to moving arrows list
18:51:47   52 00000208FAC98330
18:51:47   52 Adding to moving arrows list
18:51:47   52 00000208FAC98330
18:51:47   52 Adding to moving arrows list
18:51:47   52 00000208FAC98330
18:51:47   52 Adding to moving arrows list
18:51:47   52 00000208FAC98330
18:51:47   52 UP PRESSED
18:51:47   52 00000208FAC98330
18:51:47   52 Checking Collision
18:51:47   53 Adding to moving arrows list
18:51:47   53 00000208FAC98330
18:51:47   53 Adding to moving arrows list
18:51:47   53 00000208FAC98330
18:51:47   53 Adding to moving arrows list
18:51:47   53 00000208FAC98330
18:51:47   53 UP PRESSED
18:51:47   53 00000208FAC98330
18:51:47   53 Checking Collision
18:51:47   54 Adding to moving arrows list
18:51:47   54 00000208FAC98330
18:51:47   54 Adding to moving arrows list
18:51:47   54 00000208FAC98330
18:51:47   54 Adding to moving arrows list
18:51:47   54 00000208FAC98330
18:51:47   54 Adding to moving arrows list
18:51:47   54 00000208FAC98330
18:51:47   54 LEFT PRESSED
18:51:47   54 Adding to moving arrows list
18:51:47   54 00000208FAC98330
18:51:47   54 UP PRESSED
18:51:47   54 00000208FAC98330
18:51:47   54 Checking Collision
18:51:47   55 Adding to moving arrows list
18:51:47   55 00000208FAC98330
18:51:47   55 Adding to moving arrows list
18:51:47   55 00000208FAC98330
18:51:47   55 Adding to moving arrows list
18:51:47   55 00000208FAC98330
18:51:47   55 LEFT PRESSED
18:51:47   56 Adding to moving arrows list
18:51:47   56 00000208FAC98330
18:51:47   56 Adding to moving arrows list
18:51:47   56 00000208FAC98330
18:51:47   56 Adding to moving arrows list
18:51:47   56 00000208FAC98330
18:51:47   56 Adding to moving arrows list
18:51:47   56 00000208FAC98330
18:51:47   56 LEFT PRESSED
18:51:47   57 Adding to moving arrows list
18:51:47   57 00000208FAC98330
18:51:47   57 Adding to moving arrows list
18:51:47   57 00000208FAC98330
18:51:47   57 LEFT PRESSED
18:51:47   58 Adding to moving arrows list
18:51:47   58 00000208FAC98330
18:51:47   58 Adding to moving arrows list
18:51:47   58 00000208FAC98330
18:51:47   58 LEFT PRESSED
18:51:47   59 Adding to moving arrows list
18:51:47   59 00000208FAC98330
18:51:47   59 Adding to moving arrows list
18:51:47   59 00000208FAC98330
18:51:47   59 LEFT PRESSED
18:51:47   60 Adding to moving arrows list
18:51:47   60 00000208FAC98330
18:51:47   61 Adding to moving arrows list
18:51:47   61 00000208FAC98330
18:51:47   61 Adding to moving arrows list
18:51:47   61 00000208FAC98330
18:51:47   61 Adding to moving arrows list
18:51:47   61 00000208FAC98330
18:51:47   61 Adding to moving arrows list
18:51:47   61 00000208FAC98330
18:51:47   61 DOWN PRESSED
18:51:47   62 Adding to moving arrows list
18:51:47   62 00000208FAC98330
18:51:47   62 Adding to moving arrows list
18:51:47   62 00000208FAC98330
18:51:47   62 Adding to moving arrows list
18:51:47   62 00000208FAC98330
18:51:47   62 RIGHT PRESSED
18:51:47   62 Adding to moving arrows list
18:51:47   62 00000208FAC98330
18:51:47   62 DOWN PRESSED
18:51:47   63 Adding to moving arrows list
18:51:47   63 00000208FAC98330
18:51:47   63 Adding to moving arrows list
18:51:47   63 00000208FAC98330
18:51:47   63 RIGHT PRESSED
18:51:47   63 Adding to moving arrows list
18:51:47   63 00000208FAC98330
18:51:47   63 DOWN PRESSED
18:51:47   64 Adding to moving arrows list
18:51:47   64 00000208FAC98330
18:51:47   64 Adding to moving arrows list
18:51:47   64 00000208FAC98330
18:51:47   64 Adding to moving arrows list
18:51:47   64 00000208FAC98330
18:51:47   64 Adding to moving arrows list
18:51:47   64 00000208FAC98330
18:51:47   64 RIGHT PRESSED
18:51:47   64 Adding to moving arrows list
18:51:47   64 00000208FAC98330
18:51:47   64 DOWN PRESSED
18:51:47   65 Adding to moving arrows list
18:51:47   65 00000208FAC98330
18:51:47   65 Adding to moving arrows list
18:51:47   65 00000208FAC98330
18:51:47   65 Adding to moving arrows list
18:51:47   65 00000208FAC98330
18:51:47   65 RIGHT PRESSED
18:51:47   66 Adding to moving arrows list
18:51:47   66 00000208FAC98330
18:51:47   66 Adding to moving arrows list
18:51:47   66 00000208FAC98330
18:51:47   66 RIGHT PRESSED
18:51:47   67 Adding to moving arrows list
18:51:47   67 00000208FAC98330
18:51:47   67 Adding to moving arrows list
18:51:47   67 00000208FAC98330
18:51:47   67 RIGHT PRESSED
18:51:47   68 Adding to moving arrows list
18:51:47   68 00000208FAC98330
18:51:47   68 Adding to moving arrows list
18:51:47   68 00000208FAC98330
18:51:47   68 Adding to moving arrows list
18:51:47   68 00000208FAC98330
18:51:47   68 Adding to moving arrows list
18:51:47   68 00000208FAC98330
18:51:47   68 Adding to moving arrows list
18:51:47   68 00000208FAC98330
18:51:47   68 RIGHT PRESSED
18:51:47   69 Adding to moving arrows list
18:51:47   69 00000208FAC98330
18:51:47   69 Adding to moving arrows list
18:51:47   69 00000208FAC98330
18:51:47   69 Adding to moving arrows list
18:51:47   69 00000208FAC98330
18:51:47   69 RIGHT PRESSED
18:51:47   70 Adding to moving arrows list
18:51:47   70 00000208FAC98330
18:51:47   70 Adding to moving arrows list
18:51:47   70 00000208FAC98330
18:51:47   70 Adding to moving arrows list
18:51:47   70 00000208FAC98330
18:51:47   70 Adding to moving arrows list
18:51:47   70 00000208FAC98330
18:51:47   70 RIGHT PRESSED
18:51:47   70 Adding to moving arrows list
18:51:47   70 00000208FAC98330
18:51:47   70 UP PRESSED
18:51:47   70 00000208FAC98330
18:51:47   70 Checking Collision
18:51:47   71 Adding to moving arrows list
18:51:47   71 00000208FAC98330
18:51:47   71 Adding to moving arrows list
18:51:47   71 00000208FAC98330
18:51:47   71 Adding to moving arrows list
18:51:47   71 00000208FAC98330
18:51:47   71 RIGHT PRESSED
18:51:47   71 Adding to moving arrows list
18:51:47   71 00000208FAC98330
18:51:47   71 UP PRESSED
18:51:47   71 00000208FAC98330
18:51:47   71 Checking Collision
18:51:47   72 Adding to moving arrows list
18:51:47   72 00000208FAC98330
18:51:47   72 Adding to moving arrows list
18:51:47   72 00000208FAC98330
18:51:47   72 Adding to moving arrows list
18:51:47   72 00000208FAC98330
18:51:47   72 Adding to moving arrows list
18:51:47   72 00000208FAC98330
18:51:47   72 Adding to moving arrows list
18:51:47   72 00000208FAC98330
18:51:47   72 UP PRESSED
18:51:47   72 00000208FAC98330
18:51:47   72 Checking Collision
18:51:47   73 Adding to moving arrows list
18:51:47   73 00000208FAC98330
18:51:47   73 Adding to moving arrows list
18:51:47   73 00000208FAC98330
18:51:47   73 UP PRESSED
18:51:47   73 00000208FAC98330
18:51:47   73 Checking Collision
18:51:48   74 Adding to moving arrows list
18:51:48   74 00000208FAC98330
18:51:48   74 Adding to moving arrows list
18:51:48   74 00000208FAC98330
18:51:48   74 UP PRESSED
18:51:48   74 00000208FAC98330
18:51:48   74 Checking Collision
18:51:48   75 Adding to moving arrows list
18:51:48   75 00000208FAC98330
18:51:48   75 Adding to moving arrows list
18:51:48   75 00000208FAC98330
18:51:48   75 Adding to moving arrows list
18:51:48   75 00000208FAC98330
18:51:48   75 Adding to moving arrows list
18:51:48   75 00000208FAC98330
18:51:48   75 LEFT PRESSED
18:51:48   76 Adding to moving arrows list
18:51:48   76 00000208FAC98330
18:51:48   76 Adding to moving arrows list
18:51:48   76 00000208FAC98330
18:51:48   76 LEFT PRESSED
18:51:48   77 Adding to moving arrows list
18:51:48   77 00000208FAC98330
18:51:48   77 LEFT PRESSED
18:51:48   78 Adding to moving arrows list
18:51:48   78 00000208FAC98330
18:51:48   78 LEFT PRESSED
18:51:48   79 Adding to moving arrows list
18:51:48   79 00000208FAC98330
18:51:48   79 Adding to moving arrows list
18:51:48   79 00000208FAC98330
18:51:48   79 Adding to moving arrows list
18:51:48   79 00000208FAC98330
18:51:48   79 LEFT PRESSED
18:51:48   80 Adding to moving arrows list
18:51:48   80 00000208FAC98330
18:51:48   80 Adding to moving arrows list
18:51:48   80 00000208FAC98330
18:51:48   80 Adding to moving arrows list
18:51:48   80 00000208FAC98330
18:51:48   80 LEFT PRESSED
18:51:48   80 Adding to moving arrows list
18:51:48   80 00000208FAC98330
18:51:48   80 DOWN PRESSED
18:51:48   81 Adding to moving arrows list
18:51:48   81 00000208FAC98330
18:51:48   81 Adding to moving arrows list
18:51:48   81 00000208FAC98330
18:51:48   81 Adding to moving arrows list
18:51:48   81 00000208FAC98330
18:51:48   81 DOWN PRESSED
18:51:48   82 Adding to moving arrows list
18:51:48   82 00000208FAC98330
18:51:48   82 DOWN PRESSED
18:51:48   83 Adding to moving arrows list
18:51:48   83 00000208FAC98330
18:51:48   85 Adding to moving arrows list
18:51:48   85 00000208FAC98330
18:51:48   85 Adding to moving arrows list
18:51:48   85 00000208FAC98330
18:51:48   85 Adding to moving arrows list
18:51:48   85 00000208FAC98330
18:51:48   85 Adding to moving arrows list
18:51:48   85 00000208FAC98330
18:51:48   85 RIGHT PRESSED
18:51:48   86 Adding to moving arrows list
18:51:48   86 00000208FAC98330
18:51:48   86 Adding to moving arrows list
18:51:48   86 00000208FAC98330
18:51:48   86 RIGHT PRESSED
18:51:48   87 Adding to moving arrows list
18:51:48   87 00000208FAC98330
18:51:48   87 RIGHT PRESSED
18:51:48   88 Adding to moving arrows list
18:51:48   88 00000208FAC98330
18:51:48   88 RIGHT PRESSED
18:51:48   89 Adding to moving arrows list
18:51:48   89 00000208FAC98330
18:51:48   89 Adding to moving arrows list
18:51:48   89 00000208FAC98330
18:51:48   89 RIGHT PRESSED
18:51:48   89 Adding to moving arrows list
18:51:48   89 00000208FAC98330
18:51:48   89 UP PRESSED
18:51:48   89 00000208FAC98330
18:51:48   89 Checking Collision
18:51:48   90 Adding to moving arrows list
18:51:48   90 00000208FAC98330
18:51:48   90 Adding to moving arrows list
18:51:48   90 00000208FAC98330
18:51:48   90 Adding to moving arrows list
18:51:48   90 00000208FAC98330
18:51:48   90 Adding to moving arrows list
18:51:48   90 00000208FAC98330
18:51:48   90 UP PRESSED
18:51:48   90 00000208FAC98330
18:51:48   90 Checking Collision
18:51:48   91 Adding to moving arrows list
18:51:48   91 00000208FAC98330
18:51:48   91 Adding to moving arrows list
18:51:48   91 00000208FAC98330
18:51:48   91 Adding to moving arrows list
18:51:48   91 00000208FAC98330
18:51:48   91 Adding to moving arrows list
18:51:48   91 00000208FAC98330
18:51:48   91 UP PRESSED
18:51:48   91 00000208FAC98330
18:51:48   91 Checking Collision
18:51:48   92 Adding to moving arrows list
18:51:48   92 00000208FAC98330
18:51:48   92 Adding to moving arrows list
18:51:48   92 00000208FAC98330
18:51:48   92 UP PRESSED
18:51:48   92 00000208FAC98330
18:51:48   92 Checking Collision
18:51:48   93 Adding to moving arrows list
18:51:48   93 00000208FAC98330
18:51:48   93 Adding to moving arrows list
18:51:48   93 00000208FAC98330
18:51:48   94 Adding to moving arrows list
18:51:48   94 00000208FAC98330
18:51:48   94 Adding to moving arrows list
18:51:48   94 00000208FAC98330
18:51:48   94 Adding to moving arrows list
18:51:48   94 00000208FAC98330
18:51:48   94 LEFT PRESSED
18:51:48   95 Adding to moving arrows list
18:51:48   95 00000208FAC98330
18:51:48   96 Adding to moving arrows list
18:51:48   96 00000208FAC98330
18:51:48   96 Adding to moving arrows list
18:51:48   96 00000208FAC98330
18:51:48   97 Adding to moving arrows list
18:51:48   97 00000208FAC98330
18:51:48   98 Adding to moving arrows list
18:51:48   98 00000208FAC98330
18:51:48   98 Adding to moving arrows list
18:51:48   98 00000208FAC98330
18:51:48   98 LEFT PRESSED
18:51:48   99 Adding to moving arrows list
18:51:48   99 00000208FAC98330
18:51:48   99 LEFT PRESSED
18:51:48  100 Adding to moving arrows list
18:51:48  100 00000208FAC98330
18:51:48  100 LEFT PRESSED
18:51:48  101 Adding to moving arrows list
18:51:48  101 00000208FAC98330
18:51:48  101 Adding to moving arrows list
18:51:48  101 00000208FAC98330
18:51:48  101 Adding to moving arrows list
18:51:48  101 00000208FAC98330
18:51:48  101 LEFT PRESSED
18:51:48  102 Adding to moving arrows list
18:51:48  102 00000208FAC98330
18:51:48  102 Adding to moving arrows list
18:51:48  102 00000208FAC98330
18:51:48  103 Adding to moving arrows list
18:51:48  103 00000208FAC98330
18:51:48  103 Adding to moving arrows list
18:51:48  103 00000208FAC98330
18:51:48  103 Adding to moving arrows list
18:51:48  103 00000208FAC98330
18:51:48  103 RIGHT PRESSED
18:51:49  104 Adding to moving arrows list
18:51:49  104 00000208FAC98330
18:51:49  104 RIGHT PRESSED
18:51:49  105 Adding to moving arrows list
18:51:49  105 00000208FAC98330
18:51:49  105 RIGHT PRESSED
18:51:49  106 Adding to moving arrows list
18:51:49  106 00000208FAC98330
18:51:49  106 RIGHT PRESSED
18:51:49  107 Adding to moving arrows list
18:51:49  107 00000208FAC98330
18:51:49  107 Adding to moving arrows list
18:51:49  107 00000208FAC98330
18:51:49  107 Adding to moving arrows list
18:51:49  107 00000208FAC98330
18:51:49  107 RIGHT PRESSED
18:51:49  108 Adding to moving arrows list
18:51:49  108 00000208FAC98330
18:51:49  108 Adding to moving arrows list
18:51:49  108 00000208FAC98330
18:51:49  108 Adding to moving arrows list
18:51:49  108 00000208FAC98330
18:51:49  108 RIGHT PRESSED
18:51:49  108 Adding to moving arrows list
18:51:49  108 00000208FAC98330
18:51:49  108 UP PRESSED
18:51:49  108 00000208FAC98330
18:51:49  108 Checking Collision
18:51:49  109 Adding to moving arrows list
18:51:49  109 00000208FAC98330
18:51:49  109 Adding to moving arrows list
18:51:49  109 00000208FAC98330
18:51:49  109 UP PRESSED
18:51:49  109 00000208FAC98330
18:51:49  109 Checking Collision
18:51:49  110 Adding to moving arrows list
18:51:49  110 00000208FAC98330
18:51:49  110 UP PRESSED
18:51:49  110 00000208FAC98330
18:51:49  110 Checking Collision
18:51:49  111 Adding to moving arrows list
18:51:49  111 00000208FAC98330
18:51:49  111 Adding to moving arrows list
18:51:49  111 00000208FAC98330
18:51:49  111 Adding to moving arrows list
18:51:49  111 00000208FAC98330
18:51:49  111 Adding to moving arrows list
18:51:49  111 00000208FAC98330
18:51:49  111 Adding to moving arrows list
18:51:49  111 00000208FAC98330
18:51:49  111 UP PRESSED
18:51:49  111 00000208FAC98330
18:51:49  111 Checking Collision
18:51:49  112 Adding to moving arrows list
18:51:49  112 00000208FAC98330
18:51:49  112 Adding to moving arrows list
18:51:49  112 00000208FAC98330
18:51:49  112 Adding to moving arrows list
18:51:49  112 00000208FAC98330
18:51:49  113 Adding to moving arrows list
18:51:49  113 00000208FAC98330
18:51:49  117 Adding to moving arrows list
18:51:49  117 00000208FAC98330
18:51:49  117 Adding to moving arrows list
18:51:49  117 00000208FAC98330
18:51:49  117 Adding to moving arrows list
18:51:49  117 00000208FAC98330
18:51:49  117 Adding to moving arrows list
18:51:49  117 00000208FAC98330
18:51:49  117 Adding to moving arrows list
18:51:49  117 00000208FAC98330
18:51:49  117 Adding to moving arrows list
18:51:49  117 00000208FAC98330
18:51:49  117 UP PRESSED
18:51:49  117 00000208FAC98330
18:51:49  117 Checking Collision
18:51:49  118 Adding to moving arrows list
18:51:49  118 00000208FAC98330
18:51:49  118 Adding to moving arrows list
18:51:49  118 00000208FAC98330
18:51:49  118 Adding to moving arrows list
18:51:49  118 00000208FAC98330
18:51:49  118 UP PRESSED
18:51:49  118 00000208FAC98330
18:51:49  118 Checking Collision
18:51:49  119 Adding to moving arrows list
18:51:49  119 00000208FAC98330
18:51:49  119 UP PRESSED
18:51:49  119 00000208FAC98330
18:51:49  119 Checking Collision
18:51:49  120 Adding to moving arrows list
18:51:49  120 00000208FAC98330
18:51:49  122 Adding to moving arrows list
18:51:49  122 00000208FAC98330
18:51:49  122 Adding to moving arrows list
18:51:49  122 00000208FAC98330
18:51:49  122 Adding to moving arrows list
18:51:49  122 00000208FAC98330
18:51:49  122 Adding to moving arrows list
18:51:49  122 00000208FAC98330
18:51:49  123 Adding to moving arrows list
18:51:49  123 00000208FAC98330
18:51:49  123 Adding to moving arrows list
18:51:49  123 00000208FAC98330
18:51:49  123 Adding to moving arrows list
18:51:49  123 00000208FAC98330
18:51:49  123 Adding to moving arrows list
18:51:49  123 00000208FAC98330
18:51:49  123 Adding to moving arrows list
18:51:49  123 00000208FAC98330
18:51:49  123 Adding to moving arrows list
18:51:49  123 00000208FAC98330
18:51:49  123 UP PRESSED
18:51:49  123 00000208FAC98330
18:51:49  123 Checking Collision
18:51:49  124 Adding to moving arrows list
18:51:49  124 00000208FAC98330
18:51:49  124 Adding to moving arrows list
18:51:49  124 00000208FAC98330
18:51:49  124 Adding to moving arrows list
18:51:49  124 00000208FAC98330
18:51:49  124 UP PRESSED
18:51:49  124 00000208FAC98330
18:51:49  124 Checking Collision
18:51:49  125 Adding to moving arrows list
18:51:49  125 00000208FAC98330
18:51:49  128 Adding to moving arrows list
18:51:49  128 00000208FAC98330
18:51:49  128 Adding to moving arrows list
18:51:49  128 00000208FAC98330
18:51:49  128 Adding to moving arrows list
18:51:49  128 00000208FAC98330
18:51:49  128 Adding to moving arrows list
18:51:49  128 00000208FAC98330
18:51:49  128 Adding to moving arrows list
18:51:49  128 00000208FAC98330
18:51:49  128 Adding to moving arrows list
18:51:49  128 00000208FAC98330
18:51:49  129 Adding to moving arrows list
18:51:49  129 00000208FAC98330
18:51:49  129 Adding to moving arrows list
18:51:49  129 00000208FAC98330
18:51:49  129 Adding to moving arrows list
18:51:49  129 00000208FAC98330
18:51:49  130 Adding to moving arrows list
18:51:49  130 00000208FAC98330
18:51:49  130 Adding to moving arrows list
18:51:49  130 00000208FAC98330
18:51:49  130 LEFT PRESSED
18:51:49  131 Adding to moving arrows list
18:51:49  131 00000208FAC98330
18:51:49  131 LEFT PRESSED
18:51:49  132 Adding to moving arrows list
18:51:49  132 00000208FAC98330
18:51:49  132 LEFT PRESSED
18:51:49  133 Adding to moving arrows list
18:51:49  133 00000208FAC98330
18:51:49  133 Adding to moving arrows list
18:51:49  133 00000208FAC98330
18:51:49  133 Adding to moving arrows list
18:51:49  133 00000208FAC98330
18:51:49  133 LEFT PRESSED
18:51:49  134 Adding to moving arrows list
18:51:49  134 00000208FAC98330
18:51:49  134 Adding to moving arrows list
18:51:49  134 00000208FAC98330
18:51:49  134 Adding to moving arrows list
18:51:49  134 00000208FAC98330
18:51:49  134 Adding to moving arrows list
18:51:49  134 00000208FAC98330
18:51:49  134 Adding to moving arrows list
18:51:49  134 00000208FAC98330
18:51:49  134 Adding to moving arrows list
18:51:49  134 00000208FAC98330
18:51:49  134 DOWN PRESSED
18:51:50  135 Adding to moving arrows list
18:51:50  135 00000208FAC98330
18:51:50  135 Adding to moving arrows list
18:51:50  135 00000208FAC98330
18:51:50  135 Adding to moving arrows list
18:51:50  135 00000208FAC98330
18:51:50  135 DOWN PRESSED
18:51:50  136 Adding to moving arrows list
18:51:50  136 00000208FAC98330
18:51:50  136 Adding to moving arrows list
18:51:50  136 00000208FAC98330
18:51:50  136 DOWN PRESSED
18:51:50  137 Adding to moving arrows list
18:51:50  137 00000208FAC98330
18:51:50  137 Adding to moving arrows list
18:51:50  137 00000208FAC98330
18:51:50  137 Adding to moving arrows list
18:51:50  137 00000208FAC98330
18:51:50  137 Adding to moving arrows list
18:51:50  137 00000208FAC98330
18:51:50  137 RIGHT PRESSED
18:51:50  138 Adding to moving arrows list
18:51:50  138 00000208FAC98330
18:51:50  138 Adding to moving arrows list
18:51:50  138 00000208FAC98330
18:51:50  138 Adding to moving arrows list
18:51:50  138 00000208FAC98330
18:51:50  138 RIGHT PRESSED
18:51:50  139 Adding to moving arrows list
18:51:50  139 00000208FAC98330
18:51:50  139 Adding to moving arrows list
18:51:50  139 00000208FAC98330
18:51:50  139 RIGHT PRESSED
18:51:50  140 Adding to moving arrows list
18:51:50  140 00000208FAC98330
18:51:50  140 Adding to moving arrows list
18:51:50  140 00000208FAC98330
18:51:50  140 RIGHT PRESSED
18:51:50  141 Adding to moving arrows list
18:51:50  141 00000208FAC98330
18:51:50  141 Adding to moving arrows list
18:51:50  141 00000208FAC98330
18:51:50  141 RIGHT PRESSED
18:51:50  142 Adding to moving arrows list
18:51:50  142 00000208FAC98330
18:51:50  142 Adding to moving arrows list
18:51:50  142 00000208FAC98330
18:51:50  142 Adding to moving arrows list
18:51:50  142 00000208FAC98330
18:51:50  142 RIGHT PRESSED
18:51:50  143 Adding to moving arrows list
18:51:50  143 00000208FAC98330
18:51:50  143 Adding to moving arrows list
18:51:50  143 00000208FAC98330
18:51:50  143 Adding to moving arrows list
18:51:50  143 00000208FAC98330
18:51:50  143 RIGHT PRESSED
18:51:50  143 Adding to moving arrows list
18:51:50  143 00000208FAC98330
18:51:50  143 UP PRESSED
18:51:50  143 00000208FAC98330
18:51:50  143 Checking Collision
18:51:50  144 Adding to moving arrows list
18:51:50  144 00000208FAC98330
18:51:50  144 Adding to moving arrows list
18:51:50  144 00000208FAC98330
18:51:50  144 Adding to moving arrows list
18:51:50  144 00000208FAC98330
18:51:50  144 UP PRESSED
18:51:50  144 00000208FAC98330
18:51:50  144 Checking Collision
18:51:50  144 Verticals good!
18:51:50  145 UP PRESSED
18:51:50  146 LEFT PRESSED
18:51:50  146 UP PRESSED
18:51:50  147 LEFT PRESSED
18:51:50  148 LEFT PRESSED
18:51:50  149 LEFT PRESSED
18:51:50  150 LEFT PRESSED
18:51:50  151 LEFT PRESSED
18:51:50  151 DOWN PRESSED
18:51:50  152 DOWN PRESSED
18:51:50  153 DOWN PRESSED
18:51:50  154 DOWN PRESSED
18:51:50  155 DOWN PRESSED
18:51:50  156 RIGHT PRESSED
18:51:50  157 RIGHT PRESSED
18:51:50  158 RIGHT PRESSED
18:51:50  159 RIGHT PRESSED
18:51:50  160 RIGHT PRESSED
18:51:50  161 UP PRESSED
18:51:54  271 LEFT PRESSED
18:51:54  272 LEFT PRESSED
18:51:54  279 UP PRESSED
18:51:54  280 UP PRESSED
18:51:54  281 UP PRESSED
18:51:54  282 UP PRESSED
18:51:55  290 DOWN PRESSED
18:51:55  291 DOWN PRESSED
18:51:55  292 LEFT PRESSED
18:51:55  292 DOWN PRESSED
18:51:55  293 LEFT PRESSED
18:51:55  294 LEFT PRESSED
18:51:55  295 LEFT PRESSED
18:51:55  296 LEFT PRESSED
