player.obj : error LNK2001: unresolved external symbol "public: class std::basic_string<char,struct std::char_traits<char>,class std::allocator<char> > __thiscall df::Event::getType(void)const " (?getType@Event@df@@QBE?AV?$basic_string@DU?$char_traits@D@std@@V?$allocator@D@2@@std@@XZ)
right_arrow.obj : error LNK2001: unresolved external symbol "public: class std::basic_string<char,struct std::char_traits<char>,class std::allocator<char> > __thiscall df::Event::getType(void)const " (?getType@Event@df@@QBE?AV?$basic_string@DU?$char_traits@D@std@@V?$allocator@D@2@@std@@XZ)
up_arrow.obj : error LNK2001: unresolved external symbol "public: class std::basic_string<char,struct std::char_traits<char>,class std::allocator<char> > __thiscall df::Event::getType(void)const " (?getType@Event@df@@QBE?AV?$basic_string@DU?$char_traits@D@std@@V?$allocator@D@2@@std@@XZ)
up_indicator.obj : error LNK2001: unresolved external symbol "public: class std::basic_string<char,struct std::char_traits<char>,class std::allocator<char> > __thiscall df::Event::getType(void)const " (?getType@Event@df@@QBE?AV?$basic_string@DU?$char_traits@D@std@@V?$allocator@D@2@@std@@XZ)
down_arrow.obj : error LNK2001: unresolved external symbol "public: class std::basic_string<char,struct std::char_traits<char>,class std::allocator<char> > __thiscall df::Event::getType(void)const " (?getType@Event@df@@QBE?AV?$basic_string@DU?$char_traits@D@std@@V?$allocator@D@2@@std@@XZ)
GameOver.obj : error LNK2001: unresolved external symbol "public: class std::basic_string<char,struct std::char_traits<char>,class std::allocator<char> > __thiscall df::Event::getType(void)const " (?getType@Event@df@@QBE?AV?$basic_string@DU?$char_traits@D@std@@V?$allocator@D@2@@std@@XZ)
GameStart.obj : error LNK2001: unresolved external symbol "public: class std::basic_string<char,struct std::char_traits<char>,class std::allocator<char> > __thiscall df::Event::getType(void)const " (?getType@Event@df@@QBE?AV?$basic_string@DU?$char_traits@D@std@@V?$allocator@D@2@@std@@XZ)
left_arrow.obj : error LNK2001: unresolved external symbol "public: class std::basic_string<char,struct std::char_traits<char>,class std::allocator<char> > __thiscall df::Event::getType(void)const " (?getType@Event@df@@QBE?AV?$basic_string@DU?$char_traits@D@std@@V?$allocator@D@2@@std@@XZ)
up_arrow.obj : error LNK2019: unresolved external symbol "public: __thiscall df::Vector::Vector(float,float)" (??0Vector@df@@QAE@MM@Z) referenced in function "protected: void __thiscall std::time_get<char,class std::istreambuf_iterator<char,struct std::char_traits<char> > >::_Getvals<wchar_t>(wchar_t,class std::_Locinfo const &)" (??$_Getvals@_W@?$time_get@DV?$istreambuf_iterator@DU?$char_traits@D@std@@@std@@@std@@IAEX_WABV_Locinfo@1@@Z)
up_indicator.obj : error LNK2001: unresolved external symbol "public: __thiscall df::Vector::Vector(float,float)" (??0Vector@df@@QAE@MM@Z)
down_arrow.obj : error LNK2001: unresolved external symbol "public: __thiscall df::Vector::Vector(float,float)" (??0Vector@df@@QAE@MM@Z)
left_arrow.obj : error LNK2001: unresolved external symbol "public: __thiscall df::Vector::Vector(float,float)" (??0Vector@df@@QAE@MM@Z)
player.obj : error LNK2001: unresolved external symbol "public: __thiscall df::Vector::Vector(float,float)" (??0Vector@df@@QAE@MM@Z)
right_arrow.obj : error LNK2001: unresolved external symbol "public: __thiscall df::Vector::Vector(float,float)" (??0Vector@df@@QAE@MM@Z)
up_arrow.obj : error LNK2019: unresolved external symbol "public: float __thiscall df::Vector::getY(void)const " (?getY@Vector@df@@QBEMXZ) referenced in function "protected: void __thiscall std::time_get<wchar_t,class std::istreambuf_iterator<wchar_t,struct std::char_traits<wchar_t> > >::_Getvals<wchar_t>(wchar_t,class std::_Locinfo const &)" (??$_Getvals@_W@?$time_get@_WV?$istreambuf_iterator@_WU?$char_traits@_W@std@@@std@@@std@@IAEX_WABV_Locinfo@1@@Z)
up_indicator.obj : error LNK2001: unresolved external symbol "public: float __thiscall df::Vector::getY(void)const " (?getY@Vector@df@@QBEMXZ)
down_arrow.obj : error LNK2001: unresolved external symbol "public: float __thiscall df::Vector::getY(void)const " (?getY@Vector@df@@QBEMXZ)
left_arrow.obj : error LNK2001: unresolved external symbol "public: float __thiscall df::Vector::getY(void)const " (?getY@Vector@df@@QBEMXZ)
player.obj : error LNK2001: unresolved external symbol "public: float __thiscall df::Vector::getY(void)const " (?getY@Vector@df@@QBEMXZ)
right_arrow.obj : error LNK2001: unresolved external symbol "public: float __thiscall df::Vector::getY(void)const " (?getY@Vector@df@@QBEMXZ)
up_arrow.obj : error LNK2019: unresolved external symbol "public: float __thiscall df::Box::getHorizontal(void)const " (?getHorizontal@Box@df@@QBEMXZ) referenced in function "protected: void __thiscall std::time_get<char,class std::istreambuf_iterator<char,struct std::char_traits<char> > >::_Getvals<wchar_t>(wchar_t,class std::_Locinfo const &)" (??$_Getvals@_W@?$time_get@DV?$istreambuf_iterator@DU?$char_traits@D@std@@@std@@@std@@IAEX_WABV_Locinfo@1@@Z)
up_indicator.obj : error LNK2001: unresolved external symbol "public: float __thiscall df::Box::getHorizontal(void)const " (?getHorizontal@Box@df@@QBEMXZ)
down_arrow.obj : error LNK2001: unresolved external symbol "public: float __thiscall df::Box::getHorizontal(void)const " (?getHorizontal@Box@df@@QBEMXZ)
left_arrow.obj : error LNK2001: unresolved external symbol "public: float __thiscall df::Box::getHorizontal(void)const " (?getHorizontal@Box@df@@QBEMXZ)
player.obj : error LNK2001: unresolved external symbol "public: float __thiscall df::Box::getHorizontal(void)const " (?getHorizontal@Box@df@@QBEMXZ)
right_arrow.obj : error LNK2001: unresolved external symbol "public: float __thiscall df::Box::getHorizontal(void)const " (?getHorizontal@Box@df@@QBEMXZ)
up_arrow.obj : error LNK2001: unresolved external symbol "public: float __thiscall df::Box::getVertical(void)const " (?getVertical@Box@df@@QBEMXZ)
up_indicator.obj : error LNK2001: unresolved external symbol "public: float __thiscall df::Box::getVertical(void)const " (?getVertical@Box@df@@QBEMXZ)
down_arrow.obj : error LNK2001: unresolved external symbol "public: float __thiscall df::Box::getVertical(void)const " (?getVertical@Box@df@@QBEMXZ)
left_arrow.obj : error LNK2001: unresolved external symbol "public: float __thiscall df::Box::getVertical(void)const " (?getVertical@Box@df@@QBEMXZ)
player.obj : error LNK2001: unresolved external symbol "public: float __thiscall df::Box::getVertical(void)const " (?getVertical@Box@df@@QBEMXZ)
right_arrow.obj : error LNK2001: unresolved external symbol "public: float __thiscall df::Box::getVertical(void)const " (?getVertical@Box@df@@QBEMXZ)
up_arrow.obj : error LNK2019: unresolved external symbol "public: __thiscall df::Object::Object(void)" (??0Object@df@@QAE@XZ) referenced in function "public: virtual int __thiscall up_arrow::eventHandler(class df::Event const *)" (?eventHandler@up_arrow@@UAEHPBVEvent@df@@@Z)
up_indicator.obj : error LNK2001: unresolved external symbol "public: __thiscall df::Object::Object(void)" (??0Object@df@@QAE@XZ)
down_arrow.obj : error LNK2001: unresolved external symbol "public: __thiscall df::Object::Object(void)" (??0Object@df@@QAE@XZ)
left_arrow.obj : error LNK2001: unresolved external symbol "public: __thiscall df::Object::Object(void)" (??0Object@df@@QAE@XZ)
player.obj : error LNK2001: unresolved external symbol "public: __thiscall df::Object::Object(void)" (??0Object@df@@QAE@XZ)
right_arrow.obj : error LNK2001: unresolved external symbol "public: __thiscall df::Object::Object(void)" (??0Object@df@@QAE@XZ)
up_indicator.obj : error LNK2001: unresolved external symbol "public: virtual __thiscall df::Object::~Object(void)" (??1Object@df@@UAE@XZ)
player.obj : error LNK2001: unresolved external symbol "public: virtual __thiscall df::Object::~Object(void)" (??1Object@df@@UAE@XZ)
Points.obj : error LNK2001: unresolved external symbol "public: virtual __thiscall df::Object::~Object(void)" (??1Object@df@@UAE@XZ)
right_arrow.obj : error LNK2001: unresolved external symbol "public: virtual __thiscall df::Object::~Object(void)" (??1Object@df@@UAE@XZ)
up_arrow.obj : error LNK2001: unresolved external symbol "public: virtual __thiscall df::Object::~Object(void)" (??1Object@df@@UAE@XZ)
down_arrow.obj : error LNK2001: unresolved external symbol "public: virtual __thiscall df::Object::~Object(void)" (??1Object@df@@UAE@XZ)
GameOver.obj : error LNK2001: unresolved external symbol "public: virtual __thiscall df::Object::~Object(void)" (??1Object@df@@UAE@XZ)
GameStart.obj : error LNK2001: unresolved external symbol "public: virtual __thiscall df::Object::~Object(void)" (??1Object@df@@UAE@XZ)
left_arrow.obj : error LNK2001: unresolved external symbol "public: virtual __thiscall df::Object::~Object(void)" (??1Object@df@@UAE@XZ)
player.obj : error LNK2001: unresolved external symbol "public: void __thiscall df::Object::setType(class std::basic_string<char,struct std::char_traits<char>,class std::allocator<char> >)" (?setType@Object@df@@QAEXV?$basic_string@DU?$char_traits@D@std@@V?$allocator@D@2@@std@@@Z)
right_arrow.obj : error LNK2001: unresolved external symbol "public: void __thiscall df::Object::setType(class std::basic_string<char,struct std::char_traits<char>,class std::allocator<char> >)" (?setType@Object@df@@QAEXV?$basic_string@DU?$char_traits@D@std@@V?$allocator@D@2@@std@@@Z)
up_arrow.obj : error LNK2001: unresolved external symbol "public: void __thiscall df::Object::setType(class std::basic_string<char,struct std::char_traits<char>,class std::allocator<char> >)" (?setType@Object@df@@QAEXV?$basic_string@DU?$char_traits@D@std@@V?$allocator@D@2@@std@@@Z)
up_indicator.obj : error LNK2001: unresolved external symbol "public: void __thiscall df::Object::setType(class std::basic_string<char,struct std::char_traits<char>,class std::allocator<char> >)" (?setType@Object@df@@QAEXV?$basic_string@DU?$char_traits@D@std@@V?$allocator@D@2@@std@@@Z)
down_arrow.obj : error LNK2001: unresolved external symbol "public: void __thiscall df::Object::setType(class std::basic_string<char,struct std::char_traits<char>,class std::allocator<char> >)" (?setType@Object@df@@QAEXV?$basic_string@DU?$char_traits@D@std@@V?$allocator@D@2@@std@@@Z)
GameOver.obj : error LNK2001: unresolved external symbol "public: void __thiscall df::Object::setType(class std::basic_string<char,struct std::char_traits<char>,class std::allocator<char> >)" (?setType@Object@df@@QAEXV?$basic_string@DU?$char_traits@D@std@@V?$allocator@D@2@@std@@@Z)
GameStart.obj : error LNK2001: unresolved external symbol "public: void __thiscall df::Object::setType(class std::basic_string<char,struct std::char_traits<char>,class std::allocator<char> >)" (?setType@Object@df@@QAEXV?$basic_string@DU?$char_traits@D@std@@V?$allocator@D@2@@std@@@Z)
left_arrow.obj : error LNK2001: unresolved external symbol "public: void __thiscall df::Object::setType(class std::basic_string<char,struct std::char_traits<char>,class std::allocator<char> >)" (?setType@Object@df@@QAEXV?$basic_string@DU?$char_traits@D@std@@V?$allocator@D@2@@std@@@Z)
up_arrow.obj : error LNK2019: unresolved external symbol "public: virtual void __thiscall df::Object::setPosition(class df::Vector)" (?setPosition@Object@df@@UAEXVVector@2@@Z) referenced in function "public: __thiscall up_arrow::up_arrow(void)" (??0up_arrow@@QAE@XZ)
up_indicator.obj : error LNK2001: unresolved external symbol "public: virtual void __thiscall df::Object::setPosition(class df::Vector)" (?setPosition@Object@df@@UAEXVVector@2@@Z)
down_arrow.obj : error LNK2001: unresolved external symbol "public: virtual void __thiscall df::Object::setPosition(class df::Vector)" (?setPosition@Object@df@@UAEXVVector@2@@Z)
left_arrow.obj : error LNK2001: unresolved external symbol "public: virtual void __thiscall df::Object::setPosition(class df::Vector)" (?setPosition@Object@df@@UAEXVVector@2@@Z)
player.obj : error LNK2001: unresolved external symbol "public: virtual void __thiscall df::Object::setPosition(class df::Vector)" (?setPosition@Object@df@@UAEXVVector@2@@Z)
right_arrow.obj : error LNK2001: unresolved external symbol "public: virtual void __thiscall df::Object::setPosition(class df::Vector)" (?setPosition@Object@df@@UAEXVVector@2@@Z)
up_arrow.obj : error LNK2019: unresolved external symbol "public: class df::Vector __thiscall df::Object::getPosition(void)const " (?getPosition@Object@df@@QBE?AVVector@2@XZ) referenced in function "private: void __thiscall up_arrow::out(void)" (?out@up_arrow@@AAEXXZ)
down_arrow.obj : error LNK2001: unresolved external symbol "public: class df::Vector __thiscall df::Object::getPosition(void)const " (?getPosition@Object@df@@QBE?AVVector@2@XZ)
left_arrow.obj : error LNK2001: unresolved external symbol "public: class df::Vector __thiscall df::Object::getPosition(void)const " (?getPosition@Object@df@@QBE?AVVector@2@XZ)
player.obj : error LNK2001: unresolved external symbol "public: class df::Vector __thiscall df::Object::getPosition(void)const " (?getPosition@Object@df@@QBE?AVVector@2@XZ)
right_arrow.obj : error LNK2001: unresolved external symbol "public: class df::Vector __thiscall df::Object::getPosition(void)const " (?getPosition@Object@df@@QBE?AVVector@2@XZ)
up_arrow.obj : error LNK2001: unresolved external symbol "public: int __thiscall df::Object::setSolidness(enum df::Solidness)" (?setSolidness@Object@df@@QAEHW4Solidness@2@@Z)
up_indicator.obj : error LNK2001: unresolved external symbol "public: int __thiscall df::Object::setSolidness(enum df::Solidness)" (?setSolidness@Object@df@@QAEHW4Solidness@2@@Z)
down_arrow.obj : error LNK2001: unresolved external symbol "public: int __thiscall df::Object::setSolidness(enum df::Solidness)" (?setSolidness@Object@df@@QAEHW4Solidness@2@@Z)
left_arrow.obj : error LNK2001: unresolved external symbol "public: int __thiscall df::Object::setSolidness(enum df::Solidness)" (?setSolidness@Object@df@@QAEHW4Solidness@2@@Z)
player.obj : error LNK2001: unresolved external symbol "public: int __thiscall df::Object::setSolidness(enum df::Solidness)" (?setSolidness@Object@df@@QAEHW4Solidness@2@@Z)
right_arrow.obj : error LNK2001: unresolved external symbol "public: int __thiscall df::Object::setSolidness(enum df::Solidness)" (?setSolidness@Object@df@@QAEHW4Solidness@2@@Z)
down_arrow.obj : error LNK2019: unresolved external symbol "public: void __thiscall df::Object::setVelocity(class df::Vector)" (?setVelocity@Object@df@@QAEXVVector@2@@Z) referenced in function "public: __thiscall down_arrow::down_arrow(void)" (??0down_arrow@@QAE@XZ)
left_arrow.obj : error LNK2001: unresolved external symbol "public: void __thiscall df::Object::setVelocity(class df::Vector)" (?setVelocity@Object@df@@QAEXVVector@2@@Z)
right_arrow.obj : error LNK2001: unresolved external symbol "public: void __thiscall df::Object::setVelocity(class df::Vector)" (?setVelocity@Object@df@@QAEXVVector@2@@Z)
up_arrow.obj : error LNK2001: unresolved external symbol "public: void __thiscall df::Object::setVelocity(class df::Vector)" (?setVelocity@Object@df@@QAEXVVector@2@@Z)
player.obj : error LNK2019: unresolved external symbol "public: virtual void __thiscall df::Object::draw(void)" (?draw@Object@df@@UAEXXZ) referenced in function "public: static void * __cdecl std::_Default_allocate_traits::_Allocate(unsigned int)" (?_Allocate@_Default_allocate_traits@std@@SAPAXI@Z)
right_arrow.obj : error LNK2001: unresolved external symbol "public: virtual void __thiscall df::Object::draw(void)" (?draw@Object@df@@UAEXXZ)
up_arrow.obj : error LNK2001: unresolved external symbol "public: virtual void __thiscall df::Object::draw(void)" (?draw@Object@df@@UAEXXZ)
up_indicator.obj : error LNK2001: unresolved external symbol "public: virtual void __thiscall df::Object::draw(void)" (?draw@Object@df@@UAEXXZ)
down_arrow.obj : error LNK2001: unresolved external symbol "public: virtual void __thiscall df::Object::draw(void)" (?draw@Object@df@@UAEXXZ)
GameOver.obj : error LNK2001: unresolved external symbol "public: virtual void __thiscall df::Object::draw(void)" (?draw@Object@df@@UAEXXZ)
GameStart.obj : error LNK2001: unresolved external symbol "public: virtual void __thiscall df::Object::draw(void)" (?draw@Object@df@@UAEXXZ)
left_arrow.obj : error LNK2001: unresolved external symbol "public: virtual void __thiscall df::Object::draw(void)" (?draw@Object@df@@UAEXXZ)
player.obj : error LNK2001: unresolved external symbol "public: void __thiscall df::Object::setSprite(class df::Sprite *,bool)" (?setSprite@Object@df@@QAEXPAVSprite@2@_N@Z)
right_arrow.obj : error LNK2001: unresolved external symbol "public: void __thiscall df::Object::setSprite(class df::Sprite *,bool)" (?setSprite@Object@df@@QAEXPAVSprite@2@_N@Z)
up_arrow.obj : error LNK2001: unresolved external symbol "public: void __thiscall df::Object::setSprite(class df::Sprite *,bool)" (?setSprite@Object@df@@QAEXPAVSprite@2@_N@Z)
up_indicator.obj : error LNK2001: unresolved external symbol "public: void __thiscall df::Object::setSprite(class df::Sprite *,bool)" (?setSprite@Object@df@@QAEXPAVSprite@2@_N@Z)
down_arrow.obj : error LNK2001: unresolved external symbol "public: void __thiscall df::Object::setSprite(class df::Sprite *,bool)" (?setSprite@Object@df@@QAEXPAVSprite@2@_N@Z)
GameOver.obj : error LNK2001: unresolved external symbol "public: void __thiscall df::Object::setSprite(class df::Sprite *,bool)" (?setSprite@Object@df@@QAEXPAVSprite@2@_N@Z)
GameStart.obj : error LNK2001: unresolved external symbol "public: void __thiscall df::Object::setSprite(class df::Sprite *,bool)" (?setSprite@Object@df@@QAEXPAVSprite@2@_N@Z)
left_arrow.obj : error LNK2001: unresolved external symbol "public: void __thiscall df::Object::setSprite(class df::Sprite *,bool)" (?setSprite@Object@df@@QAEXPAVSprite@2@_N@Z)
player.obj : error LNK2019: unresolved external symbol "public: void __thiscall df::Object::setSpriteSlowdown(int)" (?setSpriteSlowdown@Object@df@@QAEXH@Z) referenced in function "void __cdecl std::_Deallocate<8,0>(void *,unsigned int)" (??$_Deallocate@$07$0A@@std@@YAXPAXI@Z)
right_arrow.obj : error LNK2001: unresolved external symbol "public: void __thiscall df::Object::setSpriteSlowdown(int)" (?setSpriteSlowdown@Object@df@@QAEXH@Z)
up_arrow.obj : error LNK2001: unresolved external symbol "public: void __thiscall df::Object::setSpriteSlowdown(int)" (?setSpriteSlowdown@Object@df@@QAEXH@Z)
up_indicator.obj : error LNK2001: unresolved external symbol "public: void __thiscall df::Object::setSpriteSlowdown(int)" (?setSpriteSlowdown@Object@df@@QAEXH@Z)
down_arrow.obj : error LNK2001: unresolved external symbol "public: void __thiscall df::Object::setSpriteSlowdown(int)" (?setSpriteSlowdown@Object@df@@QAEXH@Z)
GameOver.obj : error LNK2001: unresolved external symbol "public: void __thiscall df::Object::setSpriteSlowdown(int)" (?setSpriteSlowdown@Object@df@@QAEXH@Z)
GameStart.obj : error LNK2001: unresolved external symbol "public: void __thiscall df::Object::setSpriteSlowdown(int)" (?setSpriteSlowdown@Object@df@@QAEXH@Z)
left_arrow.obj : error LNK2001: unresolved external symbol "public: void __thiscall df::Object::setSpriteSlowdown(int)" (?setSpriteSlowdown@Object@df@@QAEXH@Z)
up_arrow.obj : error LNK2019: unresolved external symbol "public: virtual class std::basic_string<char,struct std::char_traits<char>,class std::allocator<char> > __thiscall df::Object::serialize(bool)" (?serialize@Object@df@@UAE?AV?$basic_string@DU?$char_traits@D@std@@V?$allocator@D@2@@std@@_N@Z) referenced in function "public: __thiscall up_arrow::up_arrow(void)" (??0up_arrow@@QAE@XZ)
up_indicator.obj : error LNK2001: unresolved external symbol "public: virtual class std::basic_string<char,struct std::char_traits<char>,class std::allocator<char> > __thiscall df::Object::serialize(bool)" (?serialize@Object@df@@UAE?AV?$basic_string@DU?$char_traits@D@std@@V?$allocator@D@2@@std@@_N@Z)
down_arrow.obj : error LNK2001: unresolved external symbol "public: virtual class std::basic_string<char,struct std::char_traits<char>,class std::allocator<char> > __thiscall df::Object::serialize(bool)" (?serialize@Object@df@@UAE?AV?$basic_string@DU?$char_traits@D@std@@V?$allocator@D@2@@std@@_N@Z)
left_arrow.obj : error LNK2001: unresolved external symbol "public: virtual class std::basic_string<char,struct std::char_traits<char>,class std::allocator<char> > __thiscall df::Object::serialize(bool)" (?serialize@Object@df@@UAE?AV?$basic_string@DU?$char_traits@D@std@@V?$allocator@D@2@@std@@_N@Z)
player.obj : error LNK2001: unresolved external symbol "public: virtual class std::basic_string<char,struct std::char_traits<char>,class std::allocator<char> > __thiscall df::Object::serialize(bool)" (?serialize@Object@df@@UAE?AV?$basic_string@DU?$char_traits@D@std@@V?$allocator@D@2@@std@@_N@Z)
right_arrow.obj : error LNK2001: unresolved external symbol "public: virtual class std::basic_string<char,struct std::char_traits<char>,class std::allocator<char> > __thiscall df::Object::serialize(bool)" (?serialize@Object@df@@UAE?AV?$basic_string@DU?$char_traits@D@std@@V?$allocator@D@2@@std@@_N@Z)
up_arrow.obj : error LNK2019: unresolved external symbol "public: virtual int __thiscall df::Object::deserialize(class std::basic_string<char,struct std::char_traits<char>,class std::allocator<char> >)" (?deserialize@Object@df@@UAEHV?$basic_string@DU?$char_traits@D@std@@V?$allocator@D@2@@std@@@Z) referenced in function "private: void __thiscall up_arrow::out(void)" (?out@up_arrow@@AAEXXZ)
up_indicator.obj : error LNK2001: unresolved external symbol "public: virtual int __thiscall df::Object::deserialize(class std::basic_string<char,struct std::char_traits<char>,class std::allocator<char> >)" (?deserialize@Object@df@@UAEHV?$basic_string@DU?$char_traits@D@std@@V?$allocator@D@2@@std@@@Z)
down_arrow.obj : error LNK2001: unresolved external symbol "public: virtual int __thiscall df::Object::deserialize(class std::basic_string<char,struct std::char_traits<char>,class std::allocator<char> >)" (?deserialize@Object@df@@UAEHV?$basic_string@DU?$char_traits@D@std@@V?$allocator@D@2@@std@@@Z)
left_arrow.obj : error LNK2001: unresolved external symbol "public: virtual int __thiscall df::Object::deserialize(class std::basic_string<char,struct std::char_traits<char>,class std::allocator<char> >)" (?deserialize@Object@df@@UAEHV?$basic_string@DU?$char_traits@D@std@@V?$allocator@D@2@@std@@@Z)
player.obj : error LNK2001: unresolved external symbol "public: virtual int __thiscall df::Object::deserialize(class std::basic_string<char,struct std::char_traits<char>,class std::allocator<char> >)" (?deserialize@Object@df@@UAEHV?$basic_string@DU?$char_traits@D@std@@V?$allocator@D@2@@std@@@Z)
right_arrow.obj : error LNK2001: unresolved external symbol "public: virtual int __thiscall df::Object::deserialize(class std::basic_string<char,struct std::char_traits<char>,class std::allocator<char> >)" (?deserialize@Object@df@@UAEHV?$basic_string@DU?$char_traits@D@std@@V?$allocator@D@2@@std@@@Z)
up_indicator.obj : error LNK2019: unresolved external symbol "public: virtual bool __thiscall df::Object::isModified(enum df::ObjectAttribute)const " (?isModified@Object@df@@UBE_NW4ObjectAttribute@2@@Z) referenced in function "void * __cdecl std::_Allocate_manually_vector_aligned<struct std::_Default_allocate_traits>(unsigned int)" (??$_Allocate_manually_vector_aligned@U_Default_allocate_traits@std@@@std@@YAPAXI@Z)
player.obj : error LNK2001: unresolved external symbol "public: virtual bool __thiscall df::Object::isModified(enum df::ObjectAttribute)const " (?isModified@Object@df@@UBE_NW4ObjectAttribute@2@@Z)
Points.obj : error LNK2001: unresolved external symbol "public: virtual bool __thiscall df::Object::isModified(enum df::ObjectAttribute)const " (?isModified@Object@df@@UBE_NW4ObjectAttribute@2@@Z)
right_arrow.obj : error LNK2001: unresolved external symbol "public: virtual bool __thiscall df::Object::isModified(enum df::ObjectAttribute)const " (?isModified@Object@df@@UBE_NW4ObjectAttribute@2@@Z)
up_arrow.obj : error LNK2001: unresolved external symbol "public: virtual bool __thiscall df::Object::isModified(enum df::ObjectAttribute)const " (?isModified@Object@df@@UBE_NW4ObjectAttribute@2@@Z)
down_arrow.obj : error LNK2001: unresolved external symbol "public: virtual bool __thiscall df::Object::isModified(enum df::ObjectAttribute)const " (?isModified@Object@df@@UBE_NW4ObjectAttribute@2@@Z)
GameOver.obj : error LNK2001: unresolved external symbol "public: virtual bool __thiscall df::Object::isModified(enum df::ObjectAttribute)const " (?isModified@Object@df@@UBE_NW4ObjectAttribute@2@@Z)
GameStart.obj : error LNK2001: unresolved external symbol "public: virtual bool __thiscall df::Object::isModified(enum df::ObjectAttribute)const " (?isModified@Object@df@@UBE_NW4ObjectAttribute@2@@Z)
left_arrow.obj : error LNK2001: unresolved external symbol "public: virtual bool __thiscall df::Object::isModified(enum df::ObjectAttribute)const " (?isModified@Object@df@@UBE_NW4ObjectAttribute@2@@Z)
up_arrow.obj : error LNK2019: unresolved external symbol "public: virtual bool __thiscall df::Object::isModified(void)const " (?isModified@Object@df@@UBE_NXZ) referenced in function "public: __thiscall up_arrow::up_arrow(void)" (??0up_arrow@@QAE@XZ)
up_indicator.obj : error LNK2001: unresolved external symbol "public: virtual bool __thiscall df::Object::isModified(void)const " (?isModified@Object@df@@UBE_NXZ)
down_arrow.obj : error LNK2001: unresolved external symbol "public: virtual bool __thiscall df::Object::isModified(void)const " (?isModified@Object@df@@UBE_NXZ)
left_arrow.obj : error LNK2001: unresolved external symbol "public: virtual bool __thiscall df::Object::isModified(void)const " (?isModified@Object@df@@UBE_NXZ)
player.obj : error LNK2001: unresolved external symbol "public: virtual bool __thiscall df::Object::isModified(void)const " (?isModified@Object@df@@UBE_NXZ)
right_arrow.obj : error LNK2001: unresolved external symbol "public: virtual bool __thiscall df::Object::isModified(void)const " (?isModified@Object@df@@UBE_NXZ)
up_indicator.obj : error LNK2019: unresolved external symbol "public: static class df::LogManager & __cdecl df::LogManager::getInstance(void)" (?getInstance@LogManager@df@@SAAAV12@XZ) referenced in function "wchar_t * __cdecl std::_Maklocwcs(wchar_t const *)" (?_Maklocwcs@std@@YAPA_WPB_W@Z)
left_arrow.obj : error LNK2001: unresolved external symbol "public: static class df::LogManager & __cdecl df::LogManager::getInstance(void)" (?getInstance@LogManager@df@@SAAAV12@XZ)
player.obj : error LNK2001: unresolved external symbol "public: static class df::LogManager & __cdecl df::LogManager::getInstance(void)" (?getInstance@LogManager@df@@SAAAV12@XZ)
right_arrow.obj : error LNK2001: unresolved external symbol "public: static class df::LogManager & __cdecl df::LogManager::getInstance(void)" (?getInstance@LogManager@df@@SAAAV12@XZ)
up_arrow.obj : error LNK2001: unresolved external symbol "public: static class df::LogManager & __cdecl df::LogManager::getInstance(void)" (?getInstance@LogManager@df@@SAAAV12@XZ)
down_arrow.obj : error LNK2001: unresolved external symbol "public: static class df::LogManager & __cdecl df::LogManager::getInstance(void)" (?getInstance@LogManager@df@@SAAAV12@XZ)
game.obj : error LNK2001: unresolved external symbol "public: static class df::LogManager & __cdecl df::LogManager::getInstance(void)" (?getInstance@LogManager@df@@SAAAV12@XZ)
GameOver.obj : error LNK2001: unresolved external symbol "public: static class df::LogManager & __cdecl df::LogManager::getInstance(void)" (?getInstance@LogManager@df@@SAAAV12@XZ)
GameStart.obj : error LNK2001: unresolved external symbol "public: static class df::LogManager & __cdecl df::LogManager::getInstance(void)" (?getInstance@LogManager@df@@SAAAV12@XZ)
up_indicator.obj : error LNK2019: unresolved external symbol "public: int __cdecl df::LogManager::writeLog(char const *,...)const " (?writeLog@LogManager@df@@QBAHPBDZZ) referenced in function "char * __cdecl std::_Maklocstr<char>(char const *,char *,struct _Cvtvec const &)" (??$_Maklocstr@D@std@@YAPADPBDPADABU_Cvtvec@@@Z)
left_arrow.obj : error LNK2001: unresolved external symbol "public: int __cdecl df::LogManager::writeLog(char const *,...)const " (?writeLog@LogManager@df@@QBAHPBDZZ)
player.obj : error LNK2001: unresolved external symbol "public: int __cdecl df::LogManager::writeLog(char const *,...)const " (?writeLog@LogManager@df@@QBAHPBDZZ)
right_arrow.obj : error LNK2001: unresolved external symbol "public: int __cdecl df::LogManager::writeLog(char const *,...)const " (?writeLog@LogManager@df@@QBAHPBDZZ)
up_arrow.obj : error LNK2001: unresolved external symbol "public: int __cdecl df::LogManager::writeLog(char const *,...)const " (?writeLog@LogManager@df@@QBAHPBDZZ)
down_arrow.obj : error LNK2001: unresolved external symbol "public: int __cdecl df::LogManager::writeLog(char const *,...)const " (?writeLog@LogManager@df@@QBAHPBDZZ)
game.obj : error LNK2001: unresolved external symbol "public: int __cdecl df::LogManager::writeLog(char const *,...)const " (?writeLog@LogManager@df@@QBAHPBDZZ)
GameOver.obj : error LNK2001: unresolved external symbol "public: int __cdecl df::LogManager::writeLog(char const *,...)const " (?writeLog@LogManager@df@@QBAHPBDZZ)
GameStart.obj : error LNK2001: unresolved external symbol "public: int __cdecl df::LogManager::writeLog(char const *,...)const " (?writeLog@LogManager@df@@QBAHPBDZZ)
up_indicator.obj : error LNK2019: unresolved external symbol "public: static class df::ResourceManager & __cdecl df::ResourceManager::getInstance(void)" (?getInstance@ResourceManager@df@@SAAAV12@XZ) referenced in function "void __cdecl std::_Deallocate<8,0>(void *,unsigned int)" (??$_Deallocate@$07$0A@@std@@YAXPAXI@Z)
left_arrow.obj : error LNK2001: unresolved external symbol "public: static class df::ResourceManager & __cdecl df::ResourceManager::getInstance(void)" (?getInstance@ResourceManager@df@@SAAAV12@XZ)
player.obj : error LNK2001: unresolved external symbol "public: static class df::ResourceManager & __cdecl df::ResourceManager::getInstance(void)" (?getInstance@ResourceManager@df@@SAAAV12@XZ)
right_arrow.obj : error LNK2001: unresolved external symbol "public: static class df::ResourceManager & __cdecl df::ResourceManager::getInstance(void)" (?getInstance@ResourceManager@df@@SAAAV12@XZ)
up_arrow.obj : error LNK2001: unresolved external symbol "public: static class df::ResourceManager & __cdecl df::ResourceManager::getInstance(void)" (?getInstance@ResourceManager@df@@SAAAV12@XZ)
down_arrow.obj : error LNK2001: unresolved external symbol "public: static class df::ResourceManager & __cdecl df::ResourceManager::getInstance(void)" (?getInstance@ResourceManager@df@@SAAAV12@XZ)
game.obj : error LNK2001: unresolved external symbol "public: static class df::ResourceManager & __cdecl df::ResourceManager::getInstance(void)" (?getInstance@ResourceManager@df@@SAAAV12@XZ)
GameOver.obj : error LNK2001: unresolved external symbol "public: static class df::ResourceManager & __cdecl df::ResourceManager::getInstance(void)" (?getInstance@ResourceManager@df@@SAAAV12@XZ)
GameStart.obj : error LNK2001: unresolved external symbol "public: static class df::ResourceManager & __cdecl df::ResourceManager::getInstance(void)" (?getInstance@ResourceManager@df@@SAAAV12@XZ)
player.obj : error LNK2001: unresolved external symbol "public: class df::Sprite * __thiscall df::ResourceManager::getSprite(class std::basic_string<char,struct std::char_traits<char>,class std::allocator<char> >)const " (?getSprite@ResourceManager@df@@QBEPAVSprite@2@V?$basic_string@DU?$char_traits@D@std@@V?$allocator@D@2@@std@@@Z)
right_arrow.obj : error LNK2001: unresolved external symbol "public: class df::Sprite * __thiscall df::ResourceManager::getSprite(class std::basic_string<char,struct std::char_traits<char>,class std::allocator<char> >)const " (?getSprite@ResourceManager@df@@QBEPAVSprite@2@V?$basic_string@DU?$char_traits@D@std@@V?$allocator@D@2@@std@@@Z)
up_arrow.obj : error LNK2001: unresolved external symbol "public: class df::Sprite * __thiscall df::ResourceManager::getSprite(class std::basic_string<char,struct std::char_traits<char>,class std::allocator<char> >)const " (?getSprite@ResourceManager@df@@QBEPAVSprite@2@V?$basic_string@DU?$char_traits@D@std@@V?$allocator@D@2@@std@@@Z)
up_indicator.obj : error LNK2001: unresolved external symbol "public: class df::Sprite * __thiscall df::ResourceManager::getSprite(class std::basic_string<char,struct std::char_traits<char>,class std::allocator<char> >)const " (?getSprite@ResourceManager@df@@QBEPAVSprite@2@V?$basic_string@DU?$char_traits@D@std@@V?$allocator@D@2@@std@@@Z)
down_arrow.obj : error LNK2001: unresolved external symbol "public: class df::Sprite * __thiscall df::ResourceManager::getSprite(class std::basic_string<char,struct std::char_traits<char>,class std::allocator<char> >)const " (?getSprite@ResourceManager@df@@QBEPAVSprite@2@V?$basic_string@DU?$char_traits@D@std@@V?$allocator@D@2@@std@@@Z)
GameOver.obj : error LNK2001: unresolved external symbol "public: class df::Sprite * __thiscall df::ResourceManager::getSprite(class std::basic_string<char,struct std::char_traits<char>,class std::allocator<char> >)const " (?getSprite@ResourceManager@df@@QBEPAVSprite@2@V?$basic_string@DU?$char_traits@D@std@@V?$allocator@D@2@@std@@@Z)
GameStart.obj : error LNK2001: unresolved external symbol "public: class df::Sprite * __thiscall df::ResourceManager::getSprite(class std::basic_string<char,struct std::char_traits<char>,class std::allocator<char> >)const " (?getSprite@ResourceManager@df@@QBEPAVSprite@2@V?$basic_string@DU?$char_traits@D@std@@V?$allocator@D@2@@std@@@Z)
left_arrow.obj : error LNK2001: unresolved external symbol "public: class df::Sprite * __thiscall df::ResourceManager::getSprite(class std::basic_string<char,struct std::char_traits<char>,class std::allocator<char> >)const " (?getSprite@ResourceManager@df@@QBEPAVSprite@2@V?$basic_string@DU?$char_traits@D@std@@V?$allocator@D@2@@std@@@Z)
right_arrow.obj : error LNK2001: unresolved external symbol "public: static class df::WorldManager & __cdecl df::WorldManager::getInstance(void)" (?getInstance@WorldManager@df@@SAAAV12@XZ)
up_arrow.obj : error LNK2001: unresolved external symbol "public: static class df::WorldManager & __cdecl df::WorldManager::getInstance(void)" (?getInstance@WorldManager@df@@SAAAV12@XZ)
up_indicator.obj : error LNK2001: unresolved external symbol "public: static class df::WorldManager & __cdecl df::WorldManager::getInstance(void)" (?getInstance@WorldManager@df@@SAAAV12@XZ)
down_arrow.obj : error LNK2001: unresolved external symbol "public: static class df::WorldManager & __cdecl df::WorldManager::getInstance(void)" (?getInstance@WorldManager@df@@SAAAV12@XZ)
GameOver.obj : error LNK2001: unresolved external symbol "public: static class df::WorldManager & __cdecl df::WorldManager::getInstance(void)" (?getInstance@WorldManager@df@@SAAAV12@XZ)
left_arrow.obj : error LNK2001: unresolved external symbol "public: static class df::WorldManager & __cdecl df::WorldManager::getInstance(void)" (?getInstance@WorldManager@df@@SAAAV12@XZ)
player.obj : error LNK2001: unresolved external symbol "public: static class df::WorldManager & __cdecl df::WorldManager::getInstance(void)" (?getInstance@WorldManager@df@@SAAAV12@XZ)
right_arrow.obj : error LNK2019: unresolved external symbol "public: int __thiscall df::WorldManager::markForDelete(class df::Object *)" (?markForDelete@WorldManager@df@@QAEHPAVObject@2@@Z) referenced in function "void __cdecl df::`dynamic initializer for 'WIDTH_TOKEN''(void)" (??__EWIDTH_TOKEN@df@@YAXXZ)
up_arrow.obj : error LNK2001: unresolved external symbol "public: int __thiscall df::WorldManager::markForDelete(class df::Object *)" (?markForDelete@WorldManager@df@@QAEHPAVObject@2@@Z)
up_indicator.obj : error LNK2001: unresolved external symbol "public: int __thiscall df::WorldManager::markForDelete(class df::Object *)" (?markForDelete@WorldManager@df@@QAEHPAVObject@2@@Z)
down_arrow.obj : error LNK2001: unresolved external symbol "public: int __thiscall df::WorldManager::markForDelete(class df::Object *)" (?markForDelete@WorldManager@df@@QAEHPAVObject@2@@Z)
GameOver.obj : error LNK2001: unresolved external symbol "public: int __thiscall df::WorldManager::markForDelete(class df::Object *)" (?markForDelete@WorldManager@df@@QAEHPAVObject@2@@Z)
left_arrow.obj : error LNK2001: unresolved external symbol "public: int __thiscall df::WorldManager::markForDelete(class df::Object *)" (?markForDelete@WorldManager@df@@QAEHPAVObject@2@@Z)
player.obj : error LNK2001: unresolved external symbol "public: int __thiscall df::WorldManager::markForDelete(class df::Object *)" (?markForDelete@WorldManager@df@@QAEHPAVObject@2@@Z)
up_arrow.obj : error LNK2001: unresolved external symbol "public: class df::Box __thiscall df::WorldManager::getBoundary(void)const " (?getBoundary@WorldManager@df@@QBE?AVBox@2@XZ)
up_indicator.obj : error LNK2001: unresolved external symbol "public: class df::Box __thiscall df::WorldManager::getBoundary(void)const " (?getBoundary@WorldManager@df@@QBE?AVBox@2@XZ)
down_arrow.obj : error LNK2001: unresolved external symbol "public: class df::Box __thiscall df::WorldManager::getBoundary(void)const " (?getBoundary@WorldManager@df@@QBE?AVBox@2@XZ)
left_arrow.obj : error LNK2001: unresolved external symbol "public: class df::Box __thiscall df::WorldManager::getBoundary(void)const " (?getBoundary@WorldManager@df@@QBE?AVBox@2@XZ)
player.obj : error LNK2001: unresolved external symbol "public: class df::Box __thiscall df::WorldManager::getBoundary(void)const " (?getBoundary@WorldManager@df@@QBE?AVBox@2@XZ)
right_arrow.obj : error LNK2001: unresolved external symbol "public: class df::Box __thiscall df::WorldManager::getBoundary(void)const " (?getBoundary@WorldManager@df@@QBE?AVBox@2@XZ)
game.obj : error LNK2019: unresolved external symbol "public: static class df::GameManager & __cdecl df::GameManager::getInstance(void)" (?getInstance@GameManager@df@@SAAAV12@XZ) referenced in function _main
GameStart.obj : error LNK2001: unresolved external symbol "public: static class df::GameManager & __cdecl df::GameManager::getInstance(void)" (?getInstance@GameManager@df@@SAAAV12@XZ)
game.obj : error LNK2019: unresolved external symbol "public: void __thiscall df::GameManager::run(void)" (?run@GameManager@df@@QAEXXZ) referenced in function _main
game.obj : error LNK2019: unresolved external symbol "int __cdecl df::splash(void)" (?splash@df@@YAHXZ) referenced in function _main
game.obj : error LNK2019: unresolved external symbol "public: void __thiscall df::LogManager::setFlush(bool)" (?setFlush@LogManager@df@@QAEX_N@Z) referenced in function _main
game.obj : error LNK2019: unresolved external symbol "public: __thiscall df::Pause::Pause(int)" (??0Pause@df@@QAE@H@Z) referenced in function _main
game.obj : error LNK2019: unresolved external symbol "public: int __thiscall df::ResourceManager::loadSprite(class std::basic_string<char,struct std::char_traits<char>,class std::allocator<char> >,class std::basic_string<char,struct std::char_traits<char>,class std::allocator<char> >)" (?loadSprite@ResourceManager@df@@QAEHV?$basic_string@DU?$char_traits@D@std@@V?$allocator@D@2@@std@@0@Z) referenced in function "void __cdecl loadResources(void)" (?loadResources@@YAXXZ)
game.obj : error LNK2019: unresolved external symbol "public: int __thiscall df::ResourceManager::loadSound(class std::basic_string<char,struct std::char_traits<char>,class std::allocator<char> >,class std::basic_string<char,struct std::char_traits<char>,class std::allocator<char> >)" (?loadSound@ResourceManager@df@@QAEHV?$basic_string@DU?$char_traits@D@std@@V?$allocator@D@2@@std@@0@Z) referenced in function "void __cdecl loadResources(void)" (?loadResources@@YAXXZ)
game.obj : error LNK2019: unresolved external symbol "public: int __thiscall df::ResourceManager::loadMusic(class std::basic_string<char,struct std::char_traits<char>,class std::allocator<char> >,class std::basic_string<char,struct std::char_traits<char>,class std::allocator<char> >)" (?loadMusic@ResourceManager@df@@QAEHV?$basic_string@DU?$char_traits@D@std@@V?$allocator@D@2@@std@@0@Z) referenced in function "void __cdecl loadResources(void)" (?loadResources@@YAXXZ)
GameOver.obj : error LNK2019: unresolved external symbol "public: int __thiscall df::Sprite::getFrameCount(void)const " (?getFrameCount@Sprite@df@@QBEHXZ) referenced in function "public: __thiscall GameOver::GameOver(void)" (??0GameOver@@QAE@XZ)
GameOver.obj : error LNK2019: unresolved external symbol "public: class std::basic_string<char,struct std::char_traits<char>,class std::allocator<char> > __thiscall df::Object::getType(void)const " (?getType@Object@df@@QBE?AV?$basic_string@DU?$char_traits@D@std@@V?$allocator@D@2@@std@@XZ) referenced in function "public: virtual __thiscall GameOver::~GameOver(void)" (??1GameOver@@UAE@XZ)
player.obj : error LNK2001: unresolved external symbol "public: class std::basic_string<char,struct std::char_traits<char>,class std::allocator<char> > __thiscall df::Object::getType(void)const " (?getType@Object@df@@QBE?AV?$basic_string@DU?$char_traits@D@std@@V?$allocator@D@2@@std@@XZ)
up_indicator.obj : error LNK2001: unresolved external symbol "public: class std::basic_string<char,struct std::char_traits<char>,class std::allocator<char> > __thiscall df::Object::getType(void)const " (?getType@Object@df@@QBE?AV?$basic_string@DU?$char_traits@D@std@@V?$allocator@D@2@@std@@XZ)
GameOver.obj : error LNK2019: unresolved external symbol "public: int __thiscall df::Object::setActive(bool)" (?setActive@Object@df@@QAEH_N@Z) referenced in function "public: virtual __thiscall GameOver::~GameOver(void)" (??1GameOver@@UAE@XZ)
GameStart.obj : error LNK2001: unresolved external symbol "public: int __thiscall df::Object::setActive(bool)" (?setActive@Object@df@@QAEH_N@Z)
GameOver.obj : error LNK2019: unresolved external symbol "public: int __thiscall df::Object::registerInterest(class std::basic_string<char,struct std::char_traits<char>,class std::allocator<char> >)" (?registerInterest@Object@df@@QAEHV?$basic_string@DU?$char_traits@D@std@@V?$allocator@D@2@@std@@@Z) referenced in function "public: __thiscall GameOver::GameOver(void)" (??0GameOver@@QAE@XZ)
GameStart.obj : error LNK2001: unresolved external symbol "public: int __thiscall df::Object::registerInterest(class std::basic_string<char,struct std::char_traits<char>,class std::allocator<char> >)" (?registerInterest@Object@df@@QAEHV?$basic_string@DU?$char_traits@D@std@@V?$allocator@D@2@@std@@@Z)
player.obj : error LNK2001: unresolved external symbol "public: int __thiscall df::Object::registerInterest(class std::basic_string<char,struct std::char_traits<char>,class std::allocator<char> >)" (?registerInterest@Object@df@@QAEHV?$basic_string@DU?$char_traits@D@std@@V?$allocator@D@2@@std@@@Z)
up_indicator.obj : error LNK2001: unresolved external symbol "public: int __thiscall df::Object::registerInterest(class std::basic_string<char,struct std::char_traits<char>,class std::allocator<char> >)" (?registerInterest@Object@df@@QAEHV?$basic_string@DU?$char_traits@D@std@@V?$allocator@D@2@@std@@@Z)
GameOver.obj : error LNK2019: unresolved external symbol "public: void __thiscall df::Object::setTransparency(char)" (?setTransparency@Object@df@@QAEXD@Z) referenced in function "public: __thiscall GameOver::GameOver(void)" (??0GameOver@@QAE@XZ)
player.obj : error LNK2001: unresolved external symbol "public: void __thiscall df::Object::setTransparency(char)" (?setTransparency@Object@df@@QAEXD@Z)
up_indicator.obj : error LNK2001: unresolved external symbol "public: void __thiscall df::Object::setTransparency(char)" (?setTransparency@Object@df@@QAEXD@Z)
GameOver.obj : error LNK2019: unresolved external symbol "public: __thiscall df::ObjectListIterator::ObjectListIterator(class df::ObjectList const *)" (??0ObjectListIterator@df@@QAE@PBVObjectList@1@@Z) referenced in function "public: virtual __thiscall GameOver::~GameOver(void)" (??1GameOver@@UAE@XZ)
player.obj : error LNK2001: unresolved external symbol "public: __thiscall df::ObjectListIterator::ObjectListIterator(class df::ObjectList const *)" (??0ObjectListIterator@df@@QAE@PBVObjectList@1@@Z)
up_indicator.obj : error LNK2001: unresolved external symbol "public: __thiscall df::ObjectListIterator::ObjectListIterator(class df::ObjectList const *)" (??0ObjectListIterator@df@@QAE@PBVObjectList@1@@Z)
GameOver.obj : error LNK2019: unresolved external symbol "public: void __thiscall df::ObjectListIterator::first(void)" (?first@ObjectListIterator@df@@QAEXXZ) referenced in function "public: virtual __thiscall GameOver::~GameOver(void)" (??1GameOver@@UAE@XZ)
player.obj : error LNK2001: unresolved external symbol "public: void __thiscall df::ObjectListIterator::first(void)" (?first@ObjectListIterator@df@@QAEXXZ)
up_indicator.obj : error LNK2001: unresolved external symbol "public: void __thiscall df::ObjectListIterator::first(void)" (?first@ObjectListIterator@df@@QAEXXZ)
GameOver.obj : error LNK2019: unresolved external symbol "public: void __thiscall df::ObjectListIterator::next(void)" (?next@ObjectListIterator@df@@QAEXXZ) referenced in function "public: virtual __thiscall GameOver::~GameOver(void)" (??1GameOver@@UAE@XZ)
player.obj : error LNK2001: unresolved external symbol "public: void __thiscall df::ObjectListIterator::next(void)" (?next@ObjectListIterator@df@@QAEXXZ)
up_indicator.obj : error LNK2001: unresolved external symbol "public: void __thiscall df::ObjectListIterator::next(void)" (?next@ObjectListIterator@df@@QAEXXZ)
GameOver.obj : error LNK2019: unresolved external symbol "public: bool __thiscall df::ObjectListIterator::isDone(void)const " (?isDone@ObjectListIterator@df@@QBE_NXZ) referenced in function "public: virtual __thiscall GameOver::~GameOver(void)" (??1GameOver@@UAE@XZ)
player.obj : error LNK2001: unresolved external symbol "public: bool __thiscall df::ObjectListIterator::isDone(void)const " (?isDone@ObjectListIterator@df@@QBE_NXZ)
up_indicator.obj : error LNK2001: unresolved external symbol "public: bool __thiscall df::ObjectListIterator::isDone(void)const " (?isDone@ObjectListIterator@df@@QBE_NXZ)
GameOver.obj : error LNK2019: unresolved external symbol "public: class df::Object * __thiscall df::ObjectListIterator::currentObject(void)const " (?currentObject@ObjectListIterator@df@@QBEPAVObject@2@XZ) referenced in function "public: virtual __thiscall GameOver::~GameOver(void)" (??1GameOver@@UAE@XZ)
player.obj : error LNK2001: unresolved external symbol "public: class df::Object * __thiscall df::ObjectListIterator::currentObject(void)const " (?currentObject@ObjectListIterator@df@@QBEPAVObject@2@XZ)
up_indicator.obj : error LNK2001: unresolved external symbol "public: class df::Object * __thiscall df::ObjectListIterator::currentObject(void)const " (?currentObject@ObjectListIterator@df@@QBEPAVObject@2@XZ)
GameOver.obj : error LNK2019: unresolved external symbol "public: __thiscall df::ObjectList::~ObjectList(void)" (??1ObjectList@df@@QAE@XZ) referenced in function "public: virtual __thiscall GameOver::~GameOver(void)" (??1GameOver@@UAE@XZ)
player.obj : error LNK2001: unresolved external symbol "public: __thiscall df::ObjectList::~ObjectList(void)" (??1ObjectList@df@@QAE@XZ)
up_indicator.obj : error LNK2001: unresolved external symbol "public: __thiscall df::ObjectList::~ObjectList(void)" (??1ObjectList@df@@QAE@XZ)
GameOver.obj : error LNK2019: unresolved external symbol "public: void __thiscall df::Sound::play(bool)" (?play@Sound@df@@QAEX_N@Z) referenced in function "public: __thiscall GameOver::GameOver(void)" (??0GameOver@@QAE@XZ)
GameOver.obj : error LNK2019: unresolved external symbol "public: class df::Sound * __thiscall df::ResourceManager::getSound(class std::basic_string<char,struct std::char_traits<char>,class std::allocator<char> >)" (?getSound@ResourceManager@df@@QAEPAVSound@2@V?$basic_string@DU?$char_traits@D@std@@V?$allocator@D@2@@std@@@Z) referenced in function "public: __thiscall GameOver::GameOver(void)" (??0GameOver@@QAE@XZ)
GameOver.obj : error LNK2019: unresolved external symbol "public: class df::ObjectList __thiscall df::WorldManager::getAllObjects(bool)const " (?getAllObjects@WorldManager@df@@QBE?AVObjectList@2@_N@Z) referenced in function "public: virtual __thiscall GameOver::~GameOver(void)" (??1GameOver@@UAE@XZ)
player.obj : error LNK2001: unresolved external symbol "public: class df::ObjectList __thiscall df::WorldManager::getAllObjects(bool)const " (?getAllObjects@WorldManager@df@@QBE?AVObjectList@2@_N@Z)
up_indicator.obj : error LNK2001: unresolved external symbol "public: class df::ObjectList __thiscall df::WorldManager::getAllObjects(bool)const " (?getAllObjects@WorldManager@df@@QBE?AVObjectList@2@_N@Z)
GameOver.obj : error LNK2019: unresolved external symbol "public: __thiscall df::ViewObject::ViewObject(void)" (??0ViewObject@df@@QAE@XZ) referenced in function "public: __thiscall GameOver::GameOver(void)" (??0GameOver@@QAE@XZ)
GameStart.obj : error LNK2001: unresolved external symbol "public: __thiscall df::ViewObject::ViewObject(void)" (??0ViewObject@df@@QAE@XZ)
Points.obj : error LNK2001: unresolved external symbol "public: __thiscall df::ViewObject::ViewObject(void)" (??0ViewObject@df@@QAE@XZ)
GameOver.obj : error LNK2019: unresolved external symbol "public: void __thiscall df::ViewObject::setLocation(enum df::ViewObjectLocation)" (?setLocation@ViewObject@df@@QAEXW4ViewObjectLocation@2@@Z) referenced in function "public: __thiscall GameOver::GameOver(void)" (??0GameOver@@QAE@XZ)
GameStart.obj : error LNK2001: unresolved external symbol "public: void __thiscall df::ViewObject::setLocation(enum df::ViewObjectLocation)" (?setLocation@ViewObject@df@@QAEXW4ViewObjectLocation@2@@Z)
Points.obj : error LNK2001: unresolved external symbol "public: void __thiscall df::ViewObject::setLocation(enum df::ViewObjectLocation)" (?setLocation@ViewObject@df@@QAEXW4ViewObjectLocation@2@@Z)
GameOver.obj : error LNK2001: unresolved external symbol "public: virtual void __thiscall df::ViewObject::setPosition(class df::Vector)" (?setPosition@ViewObject@df@@UAEXVVector@2@@Z)
GameStart.obj : error LNK2001: unresolved external symbol "public: virtual void __thiscall df::ViewObject::setPosition(class df::Vector)" (?setPosition@ViewObject@df@@UAEXVVector@2@@Z)
Points.obj : error LNK2001: unresolved external symbol "public: virtual void __thiscall df::ViewObject::setPosition(class df::Vector)" (?setPosition@ViewObject@df@@UAEXVVector@2@@Z)
GameOver.obj : error LNK2001: unresolved external symbol "public: virtual class std::basic_string<char,struct std::char_traits<char>,class std::allocator<char> > __thiscall df::ViewObject::serialize(bool)" (?serialize@ViewObject@df@@UAE?AV?$basic_string@DU?$char_traits@D@std@@V?$allocator@D@2@@std@@_N@Z)
GameStart.obj : error LNK2001: unresolved external symbol "public: virtual class std::basic_string<char,struct std::char_traits<char>,class std::allocator<char> > __thiscall df::ViewObject::serialize(bool)" (?serialize@ViewObject@df@@UAE?AV?$basic_string@DU?$char_traits@D@std@@V?$allocator@D@2@@std@@_N@Z)
Points.obj : error LNK2001: unresolved external symbol "public: virtual class std::basic_string<char,struct std::char_traits<char>,class std::allocator<char> > __thiscall df::ViewObject::serialize(bool)" (?serialize@ViewObject@df@@UAE?AV?$basic_string@DU?$char_traits@D@std@@V?$allocator@D@2@@std@@_N@Z)
GameOver.obj : error LNK2001: unresolved external symbol "public: virtual int __thiscall df::ViewObject::deserialize(class std::basic_string<char,struct std::char_traits<char>,class std::allocator<char> >)" (?deserialize@ViewObject@df@@UAEHV?$basic_string@DU?$char_traits@D@std@@V?$allocator@D@2@@std@@@Z)
GameStart.obj : error LNK2001: unresolved external symbol "public: virtual int __thiscall df::ViewObject::deserialize(class std::basic_string<char,struct std::char_traits<char>,class std::allocator<char> >)" (?deserialize@ViewObject@df@@UAEHV?$basic_string@DU?$char_traits@D@std@@V?$allocator@D@2@@std@@@Z)
Points.obj : error LNK2001: unresolved external symbol "public: virtual int __thiscall df::ViewObject::deserialize(class std::basic_string<char,struct std::char_traits<char>,class std::allocator<char> >)" (?deserialize@ViewObject@df@@UAEHV?$basic_string@DU?$char_traits@D@std@@V?$allocator@D@2@@std@@@Z)
GameOver.obj : error LNK2001: unresolved external symbol "public: virtual bool __thiscall df::ViewObject::isModified(enum df::ViewObjectAttribute)const " (?isModified@ViewObject@df@@UBE_NW4ViewObjectAttribute@2@@Z)
GameStart.obj : error LNK2001: unresolved external symbol "public: virtual bool __thiscall df::ViewObject::isModified(enum df::ViewObjectAttribute)const " (?isModified@ViewObject@df@@UBE_NW4ViewObjectAttribute@2@@Z)
Points.obj : error LNK2001: unresolved external symbol "public: virtual bool __thiscall df::ViewObject::isModified(enum df::ViewObjectAttribute)const " (?isModified@ViewObject@df@@UBE_NW4ViewObjectAttribute@2@@Z)
GameOver.obj : error LNK2001: unresolved external symbol "public: virtual bool __thiscall df::ViewObject::isModified(void)const " (?isModified@ViewObject@df@@UBE_NXZ)
GameStart.obj : error LNK2001: unresolved external symbol "public: virtual bool __thiscall df::ViewObject::isModified(void)const " (?isModified@ViewObject@df@@UBE_NXZ)
Points.obj : error LNK2001: unresolved external symbol "public: virtual bool __thiscall df::ViewObject::isModified(void)const " (?isModified@ViewObject@df@@UBE_NXZ)
GameStart.obj : error LNK2019: unresolved external symbol "public: enum df::Keyboard::Key __thiscall df::EventKeyboard::getKey(void)const " (?getKey@EventKeyboard@df@@QBE?AW4Key@Keyboard@2@XZ) referenced in function "public: virtual int __thiscall GameStart::eventHandler(class df::Event const *)" (?eventHandler@GameStart@@UAEHPBVEvent@df@@@Z)
player.obj : error LNK2001: unresolved external symbol "public: enum df::Keyboard::Key __thiscall df::EventKeyboard::getKey(void)const " (?getKey@EventKeyboard@df@@QBE?AW4Key@Keyboard@2@XZ)
up_indicator.obj : error LNK2001: unresolved external symbol "public: enum df::Keyboard::Key __thiscall df::EventKeyboard::getKey(void)const " (?getKey@EventKeyboard@df@@QBE?AW4Key@Keyboard@2@XZ)
GameStart.obj : error LNK2019: unresolved external symbol "public: void __thiscall df::GameManager::setGameOver(bool)" (?setGameOver@GameManager@df@@QAEX_N@Z) referenced in function "public: virtual int __thiscall GameStart::eventHandler(class df::Event const *)" (?eventHandler@GameStart@@UAEHPBVEvent@df@@@Z)
GameStart.obj : error LNK2019: unresolved external symbol "public: void __thiscall df::Music::play(bool)" (?play@Music@df@@QAEX_N@Z) referenced in function "public: void __thiscall GameStart::playMusic(void)" (?playMusic@GameStart@@QAEXXZ)
GameStart.obj : error LNK2019: unresolved external symbol "public: void __thiscall df::Music::pause(void)" (?pause@Music@df@@QAEXXZ) referenced in function "private: void __thiscall GameStart::start(void)" (?start@GameStart@@AAEXXZ)
GameStart.obj : error LNK2019: unresolved external symbol "public: class df::Music * __thiscall df::ResourceManager::getMusic(class std::basic_string<char,struct std::char_traits<char>,class std::allocator<char> >)" (?getMusic@ResourceManager@df@@QAEPAVMusic@2@V?$basic_string@DU?$char_traits@D@std@@V?$allocator@D@2@@std@@@Z) referenced in function "public: __thiscall GameStart::GameStart(void)" (??0GameStart@@QAE@XZ)
up_indicator.obj : error LNK2001: unresolved external symbol "public: virtual __thiscall df::Event::~Event(void)" (??1Event@df@@UAE@XZ)
left_arrow.obj : error LNK2001: unresolved external symbol "public: virtual __thiscall df::Event::~Event(void)" (??1Event@df@@UAE@XZ)
player.obj : error LNK2001: unresolved external symbol "public: virtual __thiscall df::Event::~Event(void)" (??1Event@df@@UAE@XZ)
right_arrow.obj : error LNK2001: unresolved external symbol "public: virtual __thiscall df::Event::~Event(void)" (??1Event@df@@UAE@XZ)
up_arrow.obj : error LNK2001: unresolved external symbol "public: virtual __thiscall df::Event::~Event(void)" (??1Event@df@@UAE@XZ)
up_indicator.obj : error LNK2001: unresolved external symbol "public: __thiscall df::EventView::EventView(class std::basic_string<char,struct std::char_traits<char>,class std::allocator<char> >,int,bool)" (??0EventView@df@@QAE@V?$basic_string@DU?$char_traits@D@std@@V?$allocator@D@2@@std@@H_N@Z)
left_arrow.obj : error LNK2001: unresolved external symbol "public: __thiscall df::EventView::EventView(class std::basic_string<char,struct std::char_traits<char>,class std::allocator<char> >,int,bool)" (??0EventView@df@@QAE@V?$basic_string@DU?$char_traits@D@std@@V?$allocator@D@2@@std@@H_N@Z)
player.obj : error LNK2001: unresolved external symbol "public: __thiscall df::EventView::EventView(class std::basic_string<char,struct std::char_traits<char>,class std::allocator<char> >,int,bool)" (??0EventView@df@@QAE@V?$basic_string@DU?$char_traits@D@std@@V?$allocator@D@2@@std@@H_N@Z)
right_arrow.obj : error LNK2001: unresolved external symbol "public: __thiscall df::EventView::EventView(class std::basic_string<char,struct std::char_traits<char>,class std::allocator<char> >,int,bool)" (??0EventView@df@@QAE@V?$basic_string@DU?$char_traits@D@std@@V?$allocator@D@2@@std@@H_N@Z)
up_arrow.obj : error LNK2001: unresolved external symbol "public: __thiscall df::EventView::EventView(class std::basic_string<char,struct std::char_traits<char>,class std::allocator<char> >,int,bool)" (??0EventView@df@@QAE@V?$basic_string@DU?$char_traits@D@std@@V?$allocator@D@2@@std@@H_N@Z)
up_indicator.obj : error LNK2019: unresolved external symbol "public: int __thiscall df::Manager::onEvent(class df::Event const *)const " (?onEvent@Manager@df@@QBEHPBVEvent@2@@Z) referenced in function "public: bool __thiscall std::basic_string<char,struct std::char_traits<char>,class std::allocator<char> >::_Equal(char const * const)const " (?_Equal@?$basic_string@DU?$char_traits@D@std@@V?$allocator@D@2@@std@@QBE_NQBD@Z)
left_arrow.obj : error LNK2001: unresolved external symbol "public: int __thiscall df::Manager::onEvent(class df::Event const *)const " (?onEvent@Manager@df@@QBEHPBVEvent@2@@Z)
player.obj : error LNK2001: unresolved external symbol "public: int __thiscall df::Manager::onEvent(class df::Event const *)const " (?onEvent@Manager@df@@QBEHPBVEvent@2@@Z)
right_arrow.obj : error LNK2001: unresolved external symbol "public: int __thiscall df::Manager::onEvent(class df::Event const *)const " (?onEvent@Manager@df@@QBEHPBVEvent@2@@Z)
up_arrow.obj : error LNK2001: unresolved external symbol "public: int __thiscall df::Manager::onEvent(class df::Event const *)const " (?onEvent@Manager@df@@QBEHPBVEvent@2@@Z)
player.obj : error LNK2019: unresolved external symbol "public: int __thiscall df::Object::setAltitude(int)" (?setAltitude@Object@df@@QAEHH@Z) referenced in function "public: __thiscall player::player(void)" (??0player@@QAE@XZ)
up_indicator.obj : error LNK2001: unresolved external symbol "public: int __thiscall df::Object::setAltitude(int)" (?setAltitude@Object@df@@QAEHH@Z)
player.obj : error LNK2019: unresolved external symbol "public: __thiscall df::ObjectList::ObjectList(void)" (??0ObjectList@df@@QAE@XZ) referenced in function "private: void __thiscall player::kbd(class df::EventKeyboard const *)" (?kbd@player@@AAEXPBVEventKeyboard@df@@@Z)
up_indicator.obj : error LNK2001: unresolved external symbol "public: __thiscall df::ObjectList::ObjectList(void)" (??0ObjectList@df@@QAE@XZ)
player.obj : error LNK2019: unresolved external symbol "public: int __thiscall df::ObjectList::insert(class df::Object *)" (?insert@ObjectList@df@@QAEHPAVObject@2@@Z) referenced in function "private: void __thiscall player::kbd(class df::EventKeyboard const *)" (?kbd@player@@AAEXPBVEventKeyboard@df@@@Z)
up_indicator.obj : error LNK2001: unresolved external symbol "public: int __thiscall df::ObjectList::insert(class df::Object *)" (?insert@ObjectList@df@@QAEHPAVObject@2@@Z)
player.obj : error LNK2019: unresolved external symbol "public: void __thiscall df::ObjectList::clear(void)" (?clear@ObjectList@df@@QAEXXZ) referenced in function "private: void __thiscall player::kbd(class df::EventKeyboard const *)" (?kbd@player@@AAEXPBVEventKeyboard@df@@@Z)
up_indicator.obj : error LNK2001: unresolved external symbol "public: void __thiscall df::ObjectList::clear(void)" (?clear@ObjectList@df@@QAEXXZ)
player.obj : error LNK2019: unresolved external symbol "public: enum df::EventKeyboardAction __thiscall df::EventKeyboard::getKeyboardAction(void)const " (?getKeyboardAction@EventKeyboard@df@@QBE?AW4EventKeyboardAction@2@XZ) referenced in function "private: void __thiscall player::kbd(class df::EventKeyboard const *)" (?kbd@player@@AAEXPBVEventKeyboard@df@@@Z)
up_indicator.obj : error LNK2001: unresolved external symbol "public: enum df::EventKeyboardAction __thiscall df::EventKeyboard::getKeyboardAction(void)const " (?getKeyboardAction@EventKeyboard@df@@QBE?AW4EventKeyboardAction@2@XZ)
Points.obj : error LNK2001: unresolved external symbol "public: virtual void __thiscall df::ViewObject::draw(void)" (?draw@ViewObject@df@@UAEXXZ)
Points.obj : error LNK2019: unresolved external symbol "public: virtual int __thiscall df::ViewObject::eventHandler(class df::Event const *)" (?eventHandler@ViewObject@df@@UAEHPBVEvent@2@@Z) referenced in function "public: virtual int __thiscall Points::eventHandler(class df::Event const *)" (?eventHandler@Points@@UAEHPBVEvent@df@@@Z)
Points.obj : error LNK2019: unresolved external symbol "public: void __thiscall df::ViewObject::setColor(enum df::Color)" (?setColor@ViewObject@df@@QAEXW4Color@2@@Z) referenced in function "public: __thiscall Points::Points(void)" (??0Points@@QAE@XZ)
Points.obj : error LNK2019: unresolved external symbol "public: void __thiscall df::ViewObject::setViewString(class std::basic_string<char,struct std::char_traits<char>,class std::allocator<char> >)" (?setViewString@ViewObject@df@@QAEXV?$basic_string@DU?$char_traits@D@std@@V?$allocator@D@2@@std@@@Z) referenced in function "public: __thiscall Points::Points(void)" (??0Points@@QAE@XZ)
up_indicator.obj : error LNK2019: unresolved external symbol "public: class df::Vector __thiscall df::Box::getCorner(void)const " (?getCorner@Box@df@@QBE?AVVector@2@XZ) referenced in function "private: void __thiscall up_indicator::kbd(class df::EventKeyboard const *)" (?kbd@up_indicator@@AAEXPBVEventKeyboard@df@@@Z)
up_indicator.obj : error LNK2019: unresolved external symbol "class df::Box __cdecl df::getWorldBox(class df::Object const *)" (?getWorldBox@df@@YA?AVBox@1@PBVObject@1@@Z) referenced in function "private: void __thiscall up_indicator::kbd(class df::EventKeyboard const *)" (?kbd@up_indicator@@AAEXPBVEventKeyboard@df@@@Z)
up_indicator.obj : error LNK2019: unresolved external symbol "bool __cdecl df::boxIntersectsBox(class df::Box,class df::Box)" (?boxIntersectsBox@df@@YA_NVBox@1@0@Z) referenced in function "private: void __thiscall up_indicator::kbd(class df::EventKeyboard const *)" (?kbd@up_indicator@@AAEXPBVEventKeyboard@df@@@Z)
C:\Users\Name\Documents\GitHub\miyagi\game-final\vs-2017\Debug\miyagi_2.exe : fatal error LNK1120: 75 unresolved externals
