  Bullet.cpp
c:\users\name\desktop\imgd3000\dragonfly\include\shape.h(9): fatal error C1083: Cannot open include file: 'SFML/Graphics/CircleShape.hpp': No such file or directory
  EventNuke.cpp
  Explosion.cpp
c:\users\name\desktop\imgd3000\dragonfly\include\shape.h(9): fatal error C1083: Cannot open include file: 'SFML/Graphics/CircleShape.hpp': No such file or directory
  game.cpp
c:\users\name\desktop\imgd3000\dragonfly\include\shape.h(9): fatal error C1083: Cannot open include file: 'SFML/Graphics/CircleShape.hpp': No such file or directory
  GameOver.cpp
c:\users\name\desktop\imgd3000\dragonfly\include\shape.h(9): fatal error C1083: Cannot open include file: 'SFML/Graphics/CircleShape.hpp': No such file or directory
  GameStart.cpp
c:\users\name\desktop\imgd3000\dragonfly\include\shape.h(9): fatal error C1083: Cannot open include file: 'SFML/Graphics/CircleShape.hpp': No such file or directory
  Hero.cpp
c:\users\name\desktop\imgd3000\dragonfly\include\shape.h(9): fatal error C1083: Cannot open include file: 'SFML/Graphics/CircleShape.hpp': No such file or directory
  Points.cpp
c:\users\name\desktop\imgd3000\dragonfly\include\shape.h(9): fatal error C1083: Cannot open include file: 'SFML/Graphics/CircleShape.hpp': No such file or directory
  Reticle.cpp
c:\users\name\desktop\imgd3000\dragonfly\include\displaymanager.h(9): fatal error C1083: Cannot open include file: 'SFML/Graphics.hpp': No such file or directory
  Saucer.cpp
c:\users\name\desktop\imgd3000\dragonfly\include\shape.h(9): fatal error C1083: Cannot open include file: 'SFML/Graphics/CircleShape.hpp': No such file or directory
  Star.cpp
c:\users\name\desktop\imgd3000\dragonfly\include\displaymanager.h(9): fatal error C1083: Cannot open include file: 'SFML/Graphics.hpp': No such file or directory
  Generating Code...
